#
# There is insufficient memory for the Java Runtime Environment to continue.
# Native memory allocation (malloc) failed to allocate 852336 bytes for Chunk::new
# Possible reasons:
#   The system is out of physical RAM or swap space
#   In 32 bit mode, the process size limit was hit
# Possible solutions:
#   Reduce memory load on the system
#   Increase physical memory or swap space
#   Check if swap backing store is full
#   Use 64 bit Java on a 64 bit OS
#   Decrease Java heap size (-Xmx/-Xms)
#   Decrease number of Java threads
#   Decrease Java thread stack sizes (-Xss)
#   Set larger code cache with -XX:ReservedCodeCacheSize=
# This output file may be truncated or incomplete.
#
#  Out of Memory Error (allocation.cpp:390), pid=8108, tid=7184
#
# JRE version: Java(TM) SE Runtime Environment (8.0_65-b17) (build 1.8.0_65-b17)
# Java VM: Java HotSpot(TM) 64-Bit Server VM (25.65-b01 mixed mode windows-amd64 compressed oops)
# Failed to write core dump. Minidumps are not enabled by default on client versions of Windows
#

---------------  T H R E A D  ---------------

Current thread (0x0000000013e51800):  JavaThread "C2 CompilerThread1" daemon [_thread_in_native, id=7184, stack(0x00000000155b0000,0x00000000156b0000)]

Stack: [0x00000000155b0000,0x00000000156b0000]
[error occurred during error reporting (printing stack bounds), id 0xc0000005]

Native frames: (J=compiled Java code, j=interpreted, Vv=VM code, C=native code)


Current CompileTask:
C2:   4283 2413       4       com.sun.javafx.css.SelectorPartitioning::match (700 bytes)


---------------  P R O C E S S  ---------------

Java Threads: ( => current thread )
  0x00000000164bc800 JavaThread "Prism Font Disposer" daemon [_thread_blocked, id=3724, stack(0x000000001aa10000,0x000000001ab10000)]
  0x0000000015e7d000 JavaThread "Abandoned connection cleanup thread" daemon [_thread_blocked, id=7100, stack(0x0000000018a80000,0x0000000018b80000)]
  0x0000000015e20800 JavaThread "Thread-3" daemon [_thread_in_native, id=7944, stack(0x0000000018880000,0x0000000018980000)]
  0x0000000015e26800 JavaThread "JavaFX-Launcher" [_thread_blocked, id=5812, stack(0x0000000018980000,0x0000000018a80000)]
  0x0000000015dc7800 JavaThread "JavaFX Application Thread" [_thread_in_Java, id=2944, stack(0x0000000016be0000,0x0000000016ce0000)]
  0x0000000015dc3000 JavaThread "Thread-1" daemon [_thread_blocked, id=7344, stack(0x0000000016ae0000,0x0000000016be0000)]
  0x0000000015b46800 JavaThread "QuantumRenderer-0" daemon [_thread_blocked, id=7316, stack(0x00000000165b0000,0x00000000166b0000)]
  0x00000000157e8800 JavaThread "Service Thread" daemon [_thread_blocked, id=1160, stack(0x0000000015bb0000,0x0000000015cb0000)]
  0x0000000013e63800 JavaThread "C1 CompilerThread2" daemon [_thread_blocked, id=7324, stack(0x00000000156b0000,0x00000000157b0000)]
=>0x0000000013e51800 JavaThread "C2 CompilerThread1" daemon [_thread_in_native, id=7184, stack(0x00000000155b0000,0x00000000156b0000)]
  0x0000000013e4e800 JavaThread "C2 CompilerThread0" daemon [_thread_in_native, id=6484, stack(0x00000000154b0000,0x00000000155b0000)]
  0x0000000013e4d000 JavaThread "Attach Listener" daemon [_thread_blocked, id=1136, stack(0x00000000153b0000,0x00000000154b0000)]
  0x0000000013e4c000 JavaThread "Signal Dispatcher" daemon [_thread_blocked, id=3892, stack(0x00000000152b0000,0x00000000153b0000)]
  0x0000000002419000 JavaThread "Finalizer" daemon [_thread_blocked, id=2768, stack(0x00000000150d0000,0x00000000151d0000)]
  0x0000000002410000 JavaThread "Reference Handler" daemon [_thread_blocked, id=1084, stack(0x0000000014fd0000,0x00000000150d0000)]
  0x0000000002321000 JavaThread "main" [_thread_blocked, id=1780, stack(0x0000000002220000,0x0000000002320000)]

Other Threads:
  0x0000000013e17800 VMThread [stack: 0x0000000014ed0000,0x0000000014fd0000] [id=1104]
  0x0000000013eae800 WatcherThread [stack: 0x0000000015cb0000,0x0000000015db0000] [id=4668]

VM state:not at safepoint (normal execution)

VM Mutex/Monitor currently owned by a thread: None

Heap:
 PSYoungGen      total 33792K, used 14903K [0x00000000f1f00000, 0x00000000f4a00000, 0x0000000100000000)
  eden space 23552K, 63% used [0x00000000f1f00000,0x00000000f2d8dc18,0x00000000f3600000)
  from space 10240K, 0% used [0x00000000f4000000,0x00000000f4000000,0x00000000f4a00000)
  to   space 10240K, 0% used [0x00000000f3600000,0x00000000f3600000,0x00000000f4000000)
 ParOldGen       total 40448K, used 15348K [0x00000000d5c00000, 0x00000000d8380000, 0x00000000f1f00000)
  object space 40448K, 37% used [0x00000000d5c00000,0x00000000d6afd118,0x00000000d8380000)
 Metaspace       used 23187K, capacity 24670K, committed 24960K, reserved 1071104K
  class space    used 3340K, capacity 3601K, committed 3712K, reserved 1048576K

Card table byte_map: [0x00000000117e0000,0x0000000011940000] byte_map_base: 0x0000000011132000

Marking Bits: (ParMarkBitMap*) 0x0000000073b2a5b0
 Begin Bits: [0x0000000011e30000, 0x00000000128c0000)
 End Bits:   [0x00000000128c0000, 0x0000000013350000)

Polling page: 0x00000000008d0000

CodeCache: size=245760Kb used=8816Kb max_used=8816Kb free=236943Kb
 bounds [0x0000000002420000, 0x0000000002cd0000, 0x0000000011420000]
 total_blobs=3244 nmethods=2547 adapters=608
 compilation: enabled

Compilation events (10 events):
Event: 4.273 Thread 0x0000000013e63800 2554       3       java.util.Locale::hashCode (41 bytes)
Event: 4.274 Thread 0x0000000013e63800 nmethod 2554 0x0000000002cbecd0 code [0x0000000002cbee40, 0x0000000002cbf1b8]
Event: 4.274 Thread 0x0000000013e63800 2555       3       com.sun.javafx.tk.Toolkit::getPaintAccessor (4 bytes)
Event: 4.274 Thread 0x0000000013e63800 nmethod 2555 0x0000000002cbf2d0 code [0x0000000002cbf420, 0x0000000002cbf570]
Event: 4.274 Thread 0x0000000013e63800 2556       3       javafx.scene.paint.Paint$1::isMutable (5 bytes)
Event: 4.274 Thread 0x0000000013e63800 nmethod 2556 0x0000000002cbf5d0 code [0x0000000002cbf740, 0x0000000002cbf968]
Event: 4.275 Thread 0x0000000013e63800 2557       3       javafx.scene.control.TextField$TextFieldContent::get (5 bytes)
Event: 4.275 Thread 0x0000000013e63800 nmethod 2557 0x0000000002cbfa50 code [0x0000000002cbfbc0, 0x0000000002cbff88]
Event: 4.278 Thread 0x0000000013e63800 2558       3       java.util.AbstractCollection::toArray (147 bytes)
Event: 4.279 Thread 0x0000000013e63800 nmethod 2558 0x0000000002cc0110 code [0x0000000002cc0380, 0x0000000002cc14d8]

GC Heap History (10 events):
Event: 2.021 GC heap before
{Heap before GC invocations=3 (full 0):
 PSYoungGen      total 13312K, used 13280K [0x00000000f1f00000, 0x00000000f2d80000, 0x0000000100000000)
  eden space 11776K, 100% used [0x00000000f1f00000,0x00000000f2a80000,0x00000000f2a80000)
  from space 1536K, 97% used [0x00000000f2c00000,0x00000000f2d78050,0x00000000f2d80000)
  to   space 1536K, 0% used [0x00000000f2a80000,0x00000000f2a80000,0x00000000f2c00000)
 ParOldGen       total 30208K, used 4347K [0x00000000d5c00000, 0x00000000d7980000, 0x00000000f1f00000)
  object space 30208K, 14% used [0x00000000d5c00000,0x00000000d603ec00,0x00000000d7980000)
 Metaspace       used 16995K, capacity 17572K, committed 17792K, reserved 1064960K
  class space    used 2220K, capacity 2388K, committed 2432K, reserved 1048576K
Event: 2.028 GC heap after
Heap after GC invocations=3 (full 0):
 PSYoungGen      total 13312K, used 1520K [0x00000000f1f00000, 0x00000000f2d80000, 0x0000000100000000)
  eden space 11776K, 0% used [0x00000000f1f00000,0x00000000f1f00000,0x00000000f2a80000)
  from space 1536K, 98% used [0x00000000f2a80000,0x00000000f2bfc010,0x00000000f2c00000)
  to   space 1536K, 0% used [0x00000000f2c00000,0x00000000f2c00000,0x00000000f2d80000)
 ParOldGen       total 30208K, used 6197K [0x00000000d5c00000, 0x00000000d7980000, 0x00000000f1f00000)
  object space 30208K, 20% used [0x00000000d5c00000,0x00000000d620d728,0x00000000d7980000)
 Metaspace       used 16995K, capacity 17572K, committed 17792K, reserved 1064960K
  class space    used 2220K, capacity 2388K, committed 2432K, reserved 1048576K
}
Event: 2.771 GC heap before
{Heap before GC invocations=4 (full 0):
 PSYoungGen      total 13312K, used 12762K [0x00000000f1f00000, 0x00000000f2d80000, 0x0000000100000000)
  eden space 11776K, 95% used [0x00000000f1f00000,0x00000000f29faae0,0x00000000f2a80000)
  from space 1536K, 98% used [0x00000000f2a80000,0x00000000f2bfc010,0x00000000f2c00000)
  to   space 1536K, 0% used [0x00000000f2c00000,0x00000000f2c00000,0x00000000f2d80000)
 ParOldGen       total 30208K, used 6197K [0x00000000d5c00000, 0x00000000d7980000, 0x00000000f1f00000)
  object space 30208K, 20% used [0x00000000d5c00000,0x00000000d620d728,0x00000000d7980000)
 Metaspace       used 19070K, capacity 19790K, committed 19968K, reserved 1067008K
  class space    used 2572K, capacity 2735K, committed 2816K, reserved 1048576K
Event: 2.781 GC heap after
Heap after GC invocations=4 (full 0):
 PSYoungGen      total 13312K, used 1520K [0x00000000f1f00000, 0x00000000f2d80000, 0x0000000100000000)
  eden space 11776K, 0% used [0x00000000f1f00000,0x00000000f1f00000,0x00000000f2a80000)
  from space 1536K, 98% used [0x00000000f2c00000,0x00000000f2d7c010,0x00000000f2d80000)
  to   space 1536K, 0% used [0x00000000f2a80000,0x00000000f2a80000,0x00000000f2c00000)
 ParOldGen       total 30208K, used 8265K [0x00000000d5c00000, 0x00000000d7980000, 0x00000000f1f00000)
  object space 30208K, 27% used [0x00000000d5c00000,0x00000000d64125d0,0x00000000d7980000)
 Metaspace       used 19070K, capacity 19790K, committed 19968K, reserved 1067008K
  class space    used 2572K, capacity 2735K, committed 2816K, reserved 1048576K
}
Event: 2.923 GC heap before
{Heap before GC invocations=5 (full 0):
 PSYoungGen      total 13312K, used 13296K [0x00000000f1f00000, 0x00000000f2d80000, 0x0000000100000000)
  eden space 11776K, 100% used [0x00000000f1f00000,0x00000000f2a80000,0x00000000f2a80000)
  from space 1536K, 98% used [0x00000000f2c00000,0x00000000f2d7c010,0x00000000f2d80000)
  to   space 1536K, 0% used [0x00000000f2a80000,0x00000000f2a80000,0x00000000f2c00000)
 ParOldGen       total 30208K, used 8265K [0x00000000d5c00000, 0x00000000d7980000, 0x00000000f1f00000)
  object space 30208K, 27% used [0x00000000d5c00000,0x00000000d64125d0,0x00000000d7980000)
 Metaspace       used 19413K, capacity 20232K, committed 20480K, reserved 1067008K
  class space    used 2630K, capacity 2814K, committed 2816K, reserved 1048576K
Event: 2.931 GC heap after
Heap after GC invocations=5 (full 0):
 PSYoungGen      total 13312K, used 1520K [0x00000000f1f00000, 0x00000000f4a00000, 0x0000000100000000)
  eden space 11776K, 0% used [0x00000000f1f00000,0x00000000f1f00000,0x00000000f2a80000)
  from space 1536K, 98% used [0x00000000f2a80000,0x00000000f2bfc020,0x00000000f2c00000)
  to   space 10240K, 0% used [0x00000000f4000000,0x00000000f4000000,0x00000000f4a00000)
 ParOldGen       total 30208K, used 17637K [0x00000000d5c00000, 0x00000000d7980000, 0x00000000f1f00000)
  object space 30208K, 58% used [0x00000000d5c00000,0x00000000d6d394f8,0x00000000d7980000)
 Metaspace       used 19413K, capacity 20232K, committed 20480K, reserved 1067008K
  class space    used 2630K, capacity 2814K, committed 2816K, reserved 1048576K
}
Event: 3.368 GC heap before
{Heap before GC invocations=6 (full 0):
 PSYoungGen      total 13312K, used 10583K [0x00000000f1f00000, 0x00000000f4a00000, 0x0000000100000000)
  eden space 11776K, 76% used [0x00000000f1f00000,0x00000000f27d9ee8,0x00000000f2a80000)
  from space 1536K, 98% used [0x00000000f2a80000,0x00000000f2bfc020,0x00000000f2c00000)
  to   space 10240K, 0% used [0x00000000f4000000,0x00000000f4000000,0x00000000f4a00000)
 ParOldGen       total 30208K, used 17637K [0x00000000d5c00000, 0x00000000d7980000, 0x00000000f1f00000)
  object space 30208K, 58% used [0x00000000d5c00000,0x00000000d6d394f8,0x00000000d7980000)
 Metaspace       used 20222K, capacity 21104K, committed 21296K, reserved 1067008K
  class space    used 2734K, capacity 2920K, committed 2944K, reserved 1048576K
Event: 3.383 GC heap after
Heap after GC invocations=6 (full 0):
 PSYoungGen      total 33792K, used 2016K [0x00000000f1f00000, 0x00000000f4a00000, 0x0000000100000000)
  eden space 23552K, 0% used [0x00000000f1f00000,0x00000000f1f00000,0x00000000f3600000)
  from space 10240K, 19% used [0x00000000f4000000,0x00000000f41f8010,0x00000000f4a00000)
  to   space 10240K, 0% used [0x00000000f3600000,0x00000000f3600000,0x00000000f4000000)
 ParOldGen       total 30208K, used 17637K [0x00000000d5c00000, 0x00000000d7980000, 0x00000000f1f00000)
  object space 30208K, 58% used [0x00000000d5c00000,0x00000000d6d394f8,0x00000000d7980000)
 Metaspace       used 20222K, capacity 21104K, committed 21296K, reserved 1067008K
  class space    used 2734K, capacity 2920K, committed 2944K, reserved 1048576K
}
Event: 3.383 GC heap before
{Heap before GC invocations=7 (full 1):
 PSYoungGen      total 33792K, used 2016K [0x00000000f1f00000, 0x00000000f4a00000, 0x0000000100000000)
  eden space 23552K, 0% used [0x00000000f1f00000,0x00000000f1f00000,0x00000000f3600000)
  from space 10240K, 19% used [0x00000000f4000000,0x00000000f41f8010,0x00000000f4a00000)
  to   space 10240K, 0% used [0x00000000f3600000,0x00000000f3600000,0x00000000f4000000)
 ParOldGen       total 30208K, used 17637K [0x00000000d5c00000, 0x00000000d7980000, 0x00000000f1f00000)
  object space 30208K, 58% used [0x00000000d5c00000,0x00000000d6d394f8,0x00000000d7980000)
 Metaspace       used 20222K, capacity 21104K, committed 21296K, reserved 1067008K
  class space    used 2734K, capacity 2920K, committed 2944K, reserved 1048576K
Event: 3.447 GC heap after
Heap after GC invocations=7 (full 1):
 PSYoungGen      total 33792K, used 0K [0x00000000f1f00000, 0x00000000f4a00000, 0x0000000100000000)
  eden space 23552K, 0% used [0x00000000f1f00000,0x00000000f1f00000,0x00000000f3600000)
  from space 10240K, 0% used [0x00000000f4000000,0x00000000f4000000,0x00000000f4a00000)
  to   space 10240K, 0% used [0x00000000f3600000,0x00000000f3600000,0x00000000f4000000)
 ParOldGen       total 40448K, used 15348K [0x00000000d5c00000, 0x00000000d8380000, 0x00000000f1f00000)
  object space 40448K, 37% used [0x00000000d5c00000,0x00000000d6afd118,0x00000000d8380000)
 Metaspace       used 20222K, capacity 21104K, committed 21296K, reserved 1067008K
  class space    used 2734K, capacity 2920K, committed 2944K, reserved 1048576K
}

Deoptimization events (10 events):
Event: 3.509 Thread 0x0000000015dc7800 Uncommon trap: reason=bimorphic action=maybe_recompile pc=0x0000000002a88ab8 method=java.util.Collections$UnmodifiableList.get(I)Ljava/lang/Object; @ 5
Event: 3.510 Thread 0x0000000015dc7800 Uncommon trap: reason=class_check action=maybe_recompile pc=0x000000000253e8b0 method=java.lang.String.equals(Ljava/lang/Object;)Z @ 8
Event: 3.533 Thread 0x0000000015dc7800 Uncommon trap: reason=class_check action=maybe_recompile pc=0x0000000002acf18c method=javafx.beans.property.ObjectPropertyBase.get()Ljava/lang/Object; @ 23
Event: 3.533 Thread 0x0000000015dc7800 Uncommon trap: reason=class_check action=maybe_recompile pc=0x0000000002acf18c method=javafx.beans.property.ObjectPropertyBase.get()Ljava/lang/Object; @ 23
Event: 3.533 Thread 0x0000000015dc7800 Uncommon trap: reason=class_check action=maybe_recompile pc=0x0000000002acf18c method=javafx.beans.property.ObjectPropertyBase.get()Ljava/lang/Object; @ 23
Event: 3.533 Thread 0x0000000015dc7800 Uncommon trap: reason=class_check action=maybe_recompile pc=0x0000000002acf18c method=javafx.beans.property.ObjectPropertyBase.get()Ljava/lang/Object; @ 23
Event: 3.786 Thread 0x0000000015dc7800 Uncommon trap: reason=unstable_if action=reinterpret pc=0x00000000026dfeb0 method=sun.net.www.ParseUtil.encodePath(Ljava/lang/String;Z)Ljava/lang/String; @ 109
Event: 3.838 Thread 0x0000000015dc7800 Uncommon trap: reason=unstable_if action=reinterpret pc=0x0000000002b4df18 method=com.sun.javafx.css.CompoundSelector.applies(Ljavafx/css/Styleable;I[Ljava/util/Set;I)Z @ 125
Event: 3.844 Thread 0x0000000015dc7800 Uncommon trap: reason=unstable_if action=reinterpret pc=0x0000000002b592b4 method=com.sun.javafx.css.CompoundSelector.applies(Ljavafx/css/Styleable;I[Ljava/util/Set;I)Z @ 125
Event: 4.034 Thread 0x0000000015dc7800 Uncommon trap: reason=unstable_if action=reinterpret pc=0x0000000002608e80 method=java.lang.CharacterData.of(I)Ljava/lang/CharacterData; @ 4

Internal exceptions (10 events):
Event: 1.052 Thread 0x0000000015dc7800 Exception <a 'java/lang/NullPointerException'> (0x00000000f2658f28) thrown at [C:\workspace\8-2-build-windows-amd64-cygwin\jdk8u65\4987\hotspot\src\share\vm\interpreter\linkResolver.cpp, line 1178]
Event: 1.052 Thread 0x0000000015dc7800 Exception <a 'java/lang/NullPointerException'> (0x00000000f2658f28) thrown at [C:\workspace\8-2-build-windows-amd64-cygwin\jdk8u65\4987\hotspot\src\share\vm\prims\jvm.cpp, line 1390]
Event: 1.350 Thread 0x0000000015dc7800 Exception <a 'java/lang/ArrayIndexOutOfBoundsException'> (0x00000000f202a5b8) thrown at [C:\workspace\8-2-build-windows-amd64-cygwin\jdk8u65\4987\hotspot\src\share\vm\runtime\sharedRuntime.cpp, line 605]
Event: 1.351 Thread 0x0000000015dc7800 Exception <a 'java/lang/ArrayIndexOutOfBoundsException'> (0x00000000f202b2b8) thrown at [C:\workspace\8-2-build-windows-amd64-cygwin\jdk8u65\4987\hotspot\src\share\vm\runtime\sharedRuntime.cpp, line 605]
Event: 1.351 Thread 0x0000000015dc7800 Exception <a 'java/lang/ArrayIndexOutOfBoundsException'> (0x00000000f202c660) thrown at [C:\workspace\8-2-build-windows-amd64-cygwin\jdk8u65\4987\hotspot\src\share\vm\runtime\sharedRuntime.cpp, line 605]
Event: 1.457 Thread 0x0000000015dc7800 Exception <a 'java/lang/ArrayIndexOutOfBoundsException': 57> (0x00000000f2245da0) thrown at [C:\workspace\8-2-build-windows-amd64-cygwin\jdk8u65\4987\hotspot\src\share\vm\interpreter\interpreterRuntime.cpp, line 366]
Event: 1.457 Thread 0x0000000015dc7800 Exception <a 'java/lang/ArrayIndexOutOfBoundsException': 57> (0x00000000f2247218) thrown at [C:\workspace\8-2-build-windows-amd64-cygwin\jdk8u65\4987\hotspot\src\share\vm\interpreter\interpreterRuntime.cpp, line 366]
Event: 2.392 Thread 0x0000000015dc7800 Implicit null exception at 0x00000000027416f5 to 0x0000000002741905
Event: 2.393 Thread 0x0000000015dc7800 Implicit null exception at 0x00000000027207d8 to 0x0000000002720866
Event: 2.442 Thread 0x0000000015dc7800 Implicit null exception at 0x00000000026f53af to 0x00000000026f5419

Events (10 events):
Event: 4.258 loading class com/jfoenix/controls/behavior/JFXDatePickerBehavior
Event: 4.258 loading class com/jfoenix/controls/behavior/JFXDatePickerBehavior done
Event: 4.258 loading class com/jfoenix/svg/SVGGlyph
Event: 4.258 loading class com/jfoenix/svg/SVGGlyph done
Event: 4.259 loading class com/jfoenix/skins/JFXDatePickerContent
Event: 4.259 loading class com/jfoenix/skins/JFXDatePickerContent done
Event: 4.264 loading class com/jfoenix/skins/JFXDatePickerSkin$$Lambda$1
Event: 4.264 loading class com/jfoenix/skins/JFXDatePickerSkin$$Lambda$1 done
Event: 4.265 loading class com/jfoenix/svg/SVGGlyph$$Lambda$1
Event: 4.265 loading class com/jfoenix/svg/SVGGlyph$$Lambda$1 done


Dynamic libraries:
0x00007ff662e50000 - 0x00007ff662e87000 	C:\Program Files\Java\jdk1.8.0_65\jre\bin\java.exe
0x00007fff4d700000 - 0x00007fff4d8c2000 	C:\WINDOWS\SYSTEM32\ntdll.dll
0x00007fff4c120000 - 0x00007fff4c1cd000 	C:\WINDOWS\system32\KERNEL32.DLL
0x00007fff4a3e0000 - 0x00007fff4a5bd000 	C:\WINDOWS\system32\KERNELBASE.dll
0x00007fff4bee0000 - 0x00007fff4bf86000 	C:\WINDOWS\system32\ADVAPI32.dll
0x00007fff4ade0000 - 0x00007fff4ae7d000 	C:\WINDOWS\system32\msvcrt.dll
0x00007fff4ae80000 - 0x00007fff4aedb000 	C:\WINDOWS\system32\sechost.dll
0x00007fff4af40000 - 0x00007fff4b066000 	C:\WINDOWS\system32\RPCRT4.dll
0x00007fff4bc20000 - 0x00007fff4bd6e000 	C:\WINDOWS\system32\USER32.dll
0x00007fff4bf90000 - 0x00007fff4c113000 	C:\WINDOWS\system32\GDI32.dll
0x00007fff43f40000 - 0x00007fff441b4000 	C:\WINDOWS\WinSxS\amd64_microsoft.windows.common-controls_6595b64144ccf1df_6.0.10240.17184_none_f41d7a705752bce6\COMCTL32.dll
0x00007fff4b080000 - 0x00007fff4b0b6000 	C:\WINDOWS\system32\IMM32.DLL
0x00007fff4b3a0000 - 0x00007fff4b4fc000 	C:\WINDOWS\system32\MSCTF.dll
0x0000000073240000 - 0x0000000073312000 	C:\Program Files\Java\jdk1.8.0_65\jre\bin\msvcr100.dll
0x0000000073320000 - 0x0000000073ba9000 	C:\Program Files\Java\jdk1.8.0_65\jre\bin\server\jvm.dll
0x00007fff4adc0000 - 0x00007fff4adc8000 	C:\WINDOWS\system32\PSAPI.DLL
0x00007fff41370000 - 0x00007fff41379000 	C:\WINDOWS\SYSTEM32\WSOCK32.dll
0x00007fff483e0000 - 0x00007fff48403000 	C:\WINDOWS\SYSTEM32\WINMM.dll
0x00007fff43880000 - 0x00007fff4388a000 	C:\WINDOWS\SYSTEM32\VERSION.dll
0x00007fff4bbb0000 - 0x00007fff4bc19000 	C:\WINDOWS\system32\WS2_32.dll
0x00007fff4add0000 - 0x00007fff4add8000 	C:\WINDOWS\system32\NSI.dll
0x00007fff483b0000 - 0x00007fff483dc000 	C:\WINDOWS\SYSTEM32\winmmbase.dll
0x00007fff4a390000 - 0x00007fff4a3d4000 	C:\WINDOWS\system32\cfgmgr32.dll
0x00007fff49e80000 - 0x00007fff49ea7000 	C:\WINDOWS\SYSTEM32\DEVOBJ.dll
0x00000000731f0000 - 0x00000000731ff000 	C:\Program Files\Java\jdk1.8.0_65\jre\bin\verify.dll
0x00000000731c0000 - 0x00000000731e9000 	C:\Program Files\Java\jdk1.8.0_65\jre\bin\java.dll
0x00000000731a0000 - 0x00000000731b6000 	C:\Program Files\Java\jdk1.8.0_65\jre\bin\zip.dll
0x00007fff4c1d0000 - 0x00007fff4d6f3000 	C:\WINDOWS\system32\SHELL32.dll
0x00007fff4a620000 - 0x00007fff4ac49000 	C:\WINDOWS\system32\windows.storage.dll
0x00007fff4b6b0000 - 0x00007fff4b92c000 	C:\WINDOWS\system32\combase.dll
0x00007fff4b0c0000 - 0x00007fff4b111000 	C:\WINDOWS\system32\shlwapi.dll
0x00007fff4a1b0000 - 0x00007fff4a1bf000 	C:\WINDOWS\system32\kernel.appcore.dll
0x00007fff4ac50000 - 0x00007fff4ad03000 	C:\WINDOWS\system32\shcore.dll
0x00007fff4a140000 - 0x00007fff4a18a000 	C:\WINDOWS\system32\powrprof.dll
0x00007fff4a120000 - 0x00007fff4a133000 	C:\WINDOWS\system32\profapi.dll
0x00007fff23560000 - 0x00007fff2364f000 	C:\Program Files\Java\jdk1.8.0_65\jre\bin\msvcr120.dll
0x00007fff234b0000 - 0x00007fff23556000 	C:\Program Files\Java\jdk1.8.0_65\jre\bin\msvcp120.dll
0x0000000071ff0000 - 0x0000000072013000 	C:\Program Files\Java\jdk1.8.0_65\jre\bin\prism_d3d.dll
0x00007fff158b0000 - 0x00007fff15ac0000 	C:\WINDOWS\system32\d3d9.dll
0x00007fff47040000 - 0x00007fff47062000 	C:\WINDOWS\SYSTEM32\dwmapi.dll
0x00007fff486f0000 - 0x00007fff48786000 	C:\WINDOWS\system32\uxtheme.dll
0x00007fff14e40000 - 0x00007fff158ae000 	C:\WINDOWS\SYSTEM32\igdumdim64.dll
0x00007fff45c90000 - 0x00007fff460f4000 	C:\WINDOWS\SYSTEM32\igdusc64.dll
0x0000000071fa0000 - 0x0000000071fe3000 	C:\Program Files\Java\jdk1.8.0_65\jre\bin\glass.dll
0x00007fff4be00000 - 0x00007fff4bed7000 	C:\WINDOWS\system32\COMDLG32.dll
0x00007fff4b120000 - 0x00007fff4b261000 	C:\WINDOWS\system32\ole32.dll
0x00007fff4b2d0000 - 0x00007fff4b392000 	C:\WINDOWS\system32\OLEAUT32.dll
0x00007fff49ee0000 - 0x00007fff49f4b000 	C:\WINDOWS\SYSTEM32\bcryptPrimitives.dll
0x0000000073180000 - 0x000000007319a000 	C:\Program Files\Java\jdk1.8.0_65\jre\bin\net.dll
0x00007fff49640000 - 0x00007fff4969d000 	C:\WINDOWS\system32\mswsock.dll
0x00007fff49400000 - 0x00007fff494a8000 	C:\WINDOWS\SYSTEM32\DNSAPI.dll
0x00007fff38d20000 - 0x00007fff38d2a000 	C:\Windows\System32\rasadhlp.dll
0x00007fff447b0000 - 0x00007fff44818000 	C:\WINDOWS\System32\fwpuclnt.dll
0x00007fff4a050000 - 0x00007fff4a078000 	C:\WINDOWS\SYSTEM32\bcrypt.dll
0x0000000073fa0000 - 0x0000000073fb4000 	C:\Program Files\Java\jdk1.8.0_65\jre\bin\javafx_font.dll
0x00007fff40720000 - 0x00007fff40977000 	C:\WINDOWS\SYSTEM32\dwrite.dll
0x00007fff496a0000 - 0x00007fff496b7000 	C:\WINDOWS\SYSTEM32\CRYPTSP.dll
0x00007fff49290000 - 0x00007fff492c3000 	C:\WINDOWS\system32\rsaenh.dll
0x00007fff493e0000 - 0x00007fff493ff000 	C:\WINDOWS\SYSTEM32\USERENV.dll
0x00007fff49810000 - 0x00007fff4981b000 	C:\WINDOWS\SYSTEM32\CRYPTBASE.dll
0x00007fff473b0000 - 0x00007fff473e8000 	C:\WINDOWS\SYSTEM32\IPHLPAPI.DLL
0x00007fff47240000 - 0x00007fff4724b000 	C:\WINDOWS\SYSTEM32\WINNSI.DLL
0x00007fff44780000 - 0x00007fff44796000 	C:\WINDOWS\SYSTEM32\dhcpcsvc6.DLL
0x00007fff44760000 - 0x00007fff4477a000 	C:\WINDOWS\SYSTEM32\dhcpcsvc.DLL
0x0000000073160000 - 0x0000000073171000 	C:\Program Files\Java\jdk1.8.0_65\jre\bin\nio.dll
0x00007fff4bb00000 - 0x00007fff4bba5000 	C:\WINDOWS\system32\clbcatq.dll
0x00007fff45a00000 - 0x00007fff45bb2000 	C:\WINDOWS\SYSTEM32\WindowsCodecs.dll
0x00007fff20760000 - 0x00007fff207a6000 	C:\WINDOWS\system32\dataexchange.dll
0x00007fff417d0000 - 0x00007fff41d15000 	C:\WINDOWS\system32\d2d1.dll
0x00007fff46d90000 - 0x00007fff47033000 	C:\WINDOWS\system32\d3d11.dll
0x00007fff47f60000 - 0x00007fff48031000 	C:\WINDOWS\system32\dcomp.dll
0x00007fff46cb0000 - 0x00007fff46d4c000 	C:\WINDOWS\system32\dxgi.dll
0x00007fff487b0000 - 0x00007fff4889e000 	C:\WINDOWS\system32\twinapi.appcore.dll
0x00007fff183e0000 - 0x00007fff18414000 	C:\Program Files\Common Files\Microsoft Shared\Ink\rtscom.dll

VM Arguments:
jvm_args: -Dfile.encoding=UTF-8 
java_command: E:\BCS\Project Pharmacy Management System\PMSystem\dist\run1707483101\PMSystem.jar
java_class_path (initial): E:\BCS\Project Pharmacy Management System\PMSystem\dist\run1707483101\PMSystem.jar
Launcher Type: SUN_STANDARD

Environment Variables:
PATH=C:\sqlite;C:\Users\Rasookhan\AppData\Roaming\npm;C:\Users\Rasookhan\AppData\Local\Programs\Microsoft VS Code\bin
USERNAME=Rasookhan
OS=Windows_NT
PROCESSOR_IDENTIFIER=Intel64 Family 6 Model 58 Stepping 9, GenuineIntel



---------------  S Y S T E M  ---------------

OS: Windows 10.0 , 64 bit Build 10240 (10.0.10240.17113)

CPU:total 4 (2 cores per cpu, 2 threads per core) family 6 model 58 stepping 9, cmov, cx8, fxsr, mmx, sse, sse2, sse3, ssse3, sse4.1, sse4.2, popcnt, avx, clmul, erms, ht, tsc, tscinvbit, tscinv

Memory: 4k page, physical 2766184k(355264k free), swap 5434820k(5044k free)

vm_info: Java HotSpot(TM) 64-Bit Server VM (25.65-b01) for windows-amd64 JRE (1.8.0_65-b17), built on Oct  6 2015 16:39:20 by "java_re" with MS VC++ 10.0 (VS2010)

time: Sun Nov 27 23:55:14 2022
elapsed time: 4 seconds (0d 0h 0m 4s)

