#
# There is insufficient memory for the Java Runtime Environment to continue.
# Native memory allocation (malloc) failed to allocate 220416 bytes for Chunk::new
# Possible reasons:
#   The system is out of physical RAM or swap space
#   In 32 bit mode, the process size limit was hit
# Possible solutions:
#   Reduce memory load on the system
#   Increase physical memory or swap space
#   Check if swap backing store is full
#   Use 64 bit Java on a 64 bit OS
#   Decrease Java heap size (-Xmx/-Xms)
#   Decrease number of Java threads
#   Decrease Java thread stack sizes (-Xss)
#   Set larger code cache with -XX:ReservedCodeCacheSize=
# This output file may be truncated or incomplete.
#
#  Out of Memory Error (allocation.cpp:390), pid=5308, tid=7340
#
# JRE version: Java(TM) SE Runtime Environment (8.0_65-b17) (build 1.8.0_65-b17)
# Java VM: Java HotSpot(TM) 64-Bit Server VM (25.65-b01 mixed mode windows-amd64 compressed oops)
# Failed to write core dump. Minidumps are not enabled by default on client versions of Windows
#

---------------  T H R E A D  ---------------

Current thread (0x00000000140f0800):  JavaThread "C2 CompilerThread1" daemon [_thread_in_native, id=7340, stack(0x0000000015840000,0x0000000015940000)]

Stack: [0x0000000015840000,0x0000000015940000]
[error occurred during error reporting (printing stack bounds), id 0xc0000005]

Native frames: (J=compiled Java code, j=interpreted, Vv=VM code, C=native code)


Current CompileTask:
C2:   9799  786  s    4       sun.misc.URLClassPath::getNextLoader (88 bytes)


---------------  P R O C E S S  ---------------

Java Threads: ( => current thread )
  0x00000000160c9800 JavaThread "Abandoned connection cleanup thread" daemon [_thread_blocked, id=932, stack(0x0000000018d80000,0x0000000018e80000)]
  0x0000000015b2b800 JavaThread "Thread-3" daemon [_thread_in_native, id=7908, stack(0x0000000018b80000,0x0000000018c80000)]
  0x0000000015db5800 JavaThread "JavaFX-Launcher" [_thread_blocked, id=6488, stack(0x0000000018c80000,0x0000000018d80000)]
  0x0000000016053000 JavaThread "JavaFX Application Thread" [_thread_in_native, id=5196, stack(0x0000000016ee0000,0x0000000016fe0000)]
  0x0000000016052000 JavaThread "Thread-1" daemon [_thread_blocked, id=5284, stack(0x0000000016de0000,0x0000000016ee0000)]
  0x0000000015deb800 JavaThread "QuantumRenderer-0" daemon [_thread_blocked, id=6060, stack(0x0000000016840000,0x0000000016940000)]
  0x000000001414e800 JavaThread "Service Thread" daemon [_thread_blocked, id=3696, stack(0x0000000015e40000,0x0000000015f40000)]
  0x0000000014100000 JavaThread "C1 CompilerThread2" daemon [_thread_blocked, id=6912, stack(0x0000000015940000,0x0000000015a40000)]
=>0x00000000140f0800 JavaThread "C2 CompilerThread1" daemon [_thread_in_native, id=7340, stack(0x0000000015840000,0x0000000015940000)]
  0x00000000140ed800 JavaThread "C2 CompilerThread0" daemon [_thread_blocked, id=5024, stack(0x0000000015740000,0x0000000015840000)]
  0x00000000140ec000 JavaThread "Attach Listener" daemon [_thread_blocked, id=5844, stack(0x0000000015640000,0x0000000015740000)]
  0x00000000140eb800 JavaThread "Signal Dispatcher" daemon [_thread_blocked, id=7712, stack(0x0000000015540000,0x0000000015640000)]
  0x0000000002698000 JavaThread "Finalizer" daemon [_thread_blocked, id=3604, stack(0x0000000015350000,0x0000000015450000)]
  0x00000000140b9000 JavaThread "Reference Handler" daemon [_thread_blocked, id=3488, stack(0x0000000015250000,0x0000000015350000)]
  0x00000000025a1000 JavaThread "main" [_thread_blocked, id=1172, stack(0x00000000024a0000,0x00000000025a0000)]

Other Threads:
  0x00000000140b7800 VMThread [stack: 0x0000000015150000,0x0000000015250000] [id=5276]
  0x0000000015a8f800 WatcherThread [stack: 0x0000000015f40000,0x0000000016040000] [id=8108]

VM state:not at safepoint (normal execution)

VM Mutex/Monitor currently owned by a thread: None

Heap:
 PSYoungGen      total 13312K, used 12729K [0x00000000f1f00000, 0x00000000f2d80000, 0x0000000100000000)
  eden space 11776K, 95% used [0x00000000f1f00000,0x00000000f29f2770,0x00000000f2a80000)
  from space 1536K, 98% used [0x00000000f2a80000,0x00000000f2bfc030,0x00000000f2c00000)
  to   space 1536K, 0% used [0x00000000f2c00000,0x00000000f2c00000,0x00000000f2d80000)
 ParOldGen       total 30208K, used 302K [0x00000000d5c00000, 0x00000000d7980000, 0x00000000f1f00000)
  object space 30208K, 1% used [0x00000000d5c00000,0x00000000d5c4b8a0,0x00000000d7980000)
 Metaspace       used 13101K, capacity 13532K, committed 13824K, reserved 1060864K
  class space    used 1559K, capacity 1692K, committed 1792K, reserved 1048576K

Card table byte_map: [0x0000000011a70000,0x0000000011bd0000] byte_map_base: 0x00000000113c2000

Marking Bits: (ParMarkBitMap*) 0x000000005a38a5b0
 Begin Bits: [0x00000000120c0000, 0x0000000012b50000)
 End Bits:   [0x0000000012b50000, 0x00000000135e0000)

Polling page: 0x0000000002470000

CodeCache: size=245760Kb used=3024Kb max_used=3024Kb free=242735Kb
 bounds [0x00000000026b0000, 0x00000000029b0000, 0x00000000116b0000]
 total_blobs=1282 nmethods=790 adapters=404
 compilation: enabled

Compilation events (10 events):
Event: 9.651 Thread 0x0000000014100000 nmethod 785 0x00000000029a0d50 code [0x00000000029a0ec0, 0x00000000029a10e8]
Event: 9.678 Thread 0x00000000140f0800  786  s    4       sun.misc.URLClassPath::getNextLoader (88 bytes)
Event: 9.695 Thread 0x0000000014100000  789       3       java.lang.invoke.InvokerBytecodeGenerator::emitPushArgument (28 bytes)
Event: 9.695 Thread 0x0000000014100000 nmethod 789 0x00000000029a19d0 code [0x00000000029a1b60, 0x00000000029a2058]
Event: 9.695 Thread 0x0000000014100000  790       3       java.lang.invoke.InvokerBytecodeGenerator::emitPushArgument (120 bytes)
Event: 9.697 Thread 0x0000000014100000 nmethod 790 0x00000000029a2350 code [0x00000000029a25e0, 0x00000000029a35b8]
Event: 9.697 Thread 0x0000000014100000  791       3       java.lang.invoke.InvokerBytecodeGenerator::emitLoadInsn (21 bytes)
Event: 9.698 Thread 0x0000000014100000 nmethod 791 0x00000000029a3c90 code [0x00000000029a3e00, 0x00000000029a4098]
Event: 9.698 Thread 0x0000000014100000  792       3       java.lang.invoke.InvokerBytecodeGenerator::loadInsnOpcode (86 bytes)
Event: 9.699 Thread 0x0000000014100000 nmethod 792 0x00000000029a41d0 code [0x00000000029a43e0, 0x00000000029a4f38]

GC Heap History (2 events):
Event: 6.969 GC heap before
{Heap before GC invocations=1 (full 0):
 PSYoungGen      total 13312K, used 11776K [0x00000000f1f00000, 0x00000000f2d80000, 0x0000000100000000)
  eden space 11776K, 100% used [0x00000000f1f00000,0x00000000f2a80000,0x00000000f2a80000)
  from space 1536K, 0% used [0x00000000f2c00000,0x00000000f2c00000,0x00000000f2d80000)
  to   space 1536K, 0% used [0x00000000f2a80000,0x00000000f2a80000,0x00000000f2c00000)
 ParOldGen       total 30208K, used 0K [0x00000000d5c00000, 0x00000000d7980000, 0x00000000f1f00000)
  object space 30208K, 0% used [0x00000000d5c00000,0x00000000d5c00000,0x00000000d7980000)
 Metaspace       used 8335K, capacity 8594K, committed 8832K, reserved 1056768K
  class space    used 1012K, capacity 1096K, committed 1152K, reserved 1048576K
Event: 6.973 GC heap after
Heap after GC invocations=1 (full 0):
 PSYoungGen      total 13312K, used 1520K [0x00000000f1f00000, 0x00000000f2d80000, 0x0000000100000000)
  eden space 11776K, 0% used [0x00000000f1f00000,0x00000000f1f00000,0x00000000f2a80000)
  from space 1536K, 98% used [0x00000000f2a80000,0x00000000f2bfc030,0x00000000f2c00000)
  to   space 1536K, 0% used [0x00000000f2c00000,0x00000000f2c00000,0x00000000f2d80000)
 ParOldGen       total 30208K, used 302K [0x00000000d5c00000, 0x00000000d7980000, 0x00000000f1f00000)
  object space 30208K, 1% used [0x00000000d5c00000,0x00000000d5c4b8a0,0x00000000d7980000)
 Metaspace       used 8335K, capacity 8594K, committed 8832K, reserved 1056768K
  class space    used 1012K, capacity 1096K, committed 1152K, reserved 1048576K
}

Deoptimization events (8 events):
Event: 6.391 Thread 0x0000000016053000 Uncommon trap: reason=unstable_if action=reinterpret pc=0x000000000284f5c4 method=java.lang.String.replace(CC)Ljava/lang/String; @ 26
Event: 6.479 Thread 0x0000000016053000 Uncommon trap: reason=unstable_if action=reinterpret pc=0x00000000028835a8 method=java.lang.String.indexOf([CII[CIII)I @ 134
Event: 6.507 Thread 0x0000000016053000 Uncommon trap: reason=unstable_if action=reinterpret pc=0x000000000286728c method=java.lang.String.startsWith(Ljava/lang/String;I)Z @ 25
Event: 6.979 Thread 0x0000000016053000 Uncommon trap: reason=unstable_if action=reinterpret pc=0x00000000028d0c80 method=java.lang.AbstractStringBuilder.append(Ljava/lang/String;)Ljava/lang/AbstractStringBuilder; @ 1
Event: 7.892 Thread 0x0000000016053000 Uncommon trap: reason=unstable_if action=reinterpret pc=0x0000000002904b2c method=java.util.Properties$LineReader.readLine()I @ 252
Event: 8.110 Thread 0x0000000016053000 Uncommon trap: reason=unstable_if action=reinterpret pc=0x0000000002940400 method=java.util.Properties$LineReader.readLine()I @ 174
Event: 9.638 Thread 0x0000000016053000 Uncommon trap: reason=unstable_if action=reinterpret pc=0x000000000296cfec method=java.util.HashMap.getNode(ILjava/lang/Object;)Ljava/util/HashMap$Node; @ 84
Event: 9.638 Thread 0x0000000016053000 Uncommon trap: reason=unstable_if action=reinterpret pc=0x0000000002969c10 method=java.util.HashMap.getNode(ILjava/lang/Object;)Ljava/util/HashMap$Node; @ 84

Internal exceptions (10 events):
Event: 0.558 Thread 0x00000000025a1000 Exception <a 'java/lang/NoSuchFieldError': method resolution failed> (0x00000000f20f67f8) thrown at [C:\workspace\8-2-build-windows-amd64-cygwin\jdk8u65\4987\hotspot\src\share\vm\prims\methodHandles.cpp, line 1146]
Event: 0.567 Thread 0x00000000025a1000 Exception <a 'java/lang/NoSuchFieldError': method resolution failed> (0x00000000f2103b78) thrown at [C:\workspace\8-2-build-windows-amd64-cygwin\jdk8u65\4987\hotspot\src\share\vm\prims\methodHandles.cpp, line 1146]
Event: 0.679 Thread 0x00000000025a1000 Exception <a 'java/security/PrivilegedActionException'> (0x00000000f218eff8) thrown at [C:\workspace\8-2-build-windows-amd64-cygwin\jdk8u65\4987\hotspot\src\share\vm\prims\jvm.cpp, line 1386]
Event: 0.679 Thread 0x00000000025a1000 Exception <a 'java/security/PrivilegedActionException'> (0x00000000f218f208) thrown at [C:\workspace\8-2-build-windows-amd64-cygwin\jdk8u65\4987\hotspot\src\share\vm\prims\jvm.cpp, line 1386]
Event: 0.680 Thread 0x00000000025a1000 Exception <a 'java/security/PrivilegedActionException'> (0x00000000f2193050) thrown at [C:\workspace\8-2-build-windows-amd64-cygwin\jdk8u65\4987\hotspot\src\share\vm\prims\jvm.cpp, line 1386]
Event: 0.680 Thread 0x00000000025a1000 Exception <a 'java/security/PrivilegedActionException'> (0x00000000f2193260) thrown at [C:\workspace\8-2-build-windows-amd64-cygwin\jdk8u65\4987\hotspot\src\share\vm\prims\jvm.cpp, line 1386]
Event: 0.692 Thread 0x00000000025a1000 Exception <a 'java/lang/NullPointerException'> (0x00000000f2193838) thrown at [C:\workspace\8-2-build-windows-amd64-cygwin\jdk8u65\4987\hotspot\src\share\vm\interpreter\linkResolver.cpp, line 1178]
Event: 6.979 Thread 0x0000000016053000 Implicit null exception at 0x00000000028d0914 to 0x00000000028d0c69
Event: 9.360 Thread 0x0000000016053000 Exception <a 'java/lang/NullPointerException'> (0x00000000f265eb38) thrown at [C:\workspace\8-2-build-windows-amd64-cygwin\jdk8u65\4987\hotspot\src\share\vm\interpreter\linkResolver.cpp, line 1178]
Event: 9.360 Thread 0x0000000016053000 Exception <a 'java/lang/NullPointerException'> (0x00000000f265eb38) thrown at [C:\workspace\8-2-build-windows-amd64-cygwin\jdk8u65\4987\hotspot\src\share\vm\prims\jvm.cpp, line 1390]

Events (10 events):
Event: 9.696 loading class javafx/scene/control/ContentDisplay done
Event: 9.697 loading class javafx/scene/text/TextAlignment
Event: 9.697 loading class javafx/scene/text/TextAlignment done
Event: 9.697 loading class javafx/scene/control/OverrunStyle
Event: 9.697 loading class javafx/scene/control/OverrunStyle done
Event: 9.697 loading class javafx/scene/control/SkinBase
Event: 9.697 loading class javafx/scene/control/SkinBase done
Event: 9.698 loading class javafx/scene/control/Tooltip
Event: 9.698 loading class javafx/scene/control/Tooltip done
Event: 9.699 loading class sun/reflect/annotation/AnnotationParser


Dynamic libraries:
0x00007ff62bca0000 - 0x00007ff62bcd7000 	C:\Program Files\Java\jdk1.8.0_65\jre\bin\java.exe
0x00007ff994610000 - 0x00007ff9947d2000 	C:\WINDOWS\SYSTEM32\ntdll.dll
0x00007ff993d40000 - 0x00007ff993ded000 	C:\WINDOWS\system32\KERNEL32.DLL
0x00007ff991700000 - 0x00007ff9918dd000 	C:\WINDOWS\system32\KERNELBASE.dll
0x00007ff992270000 - 0x00007ff992316000 	C:\WINDOWS\system32\ADVAPI32.dll
0x00007ff993c80000 - 0x00007ff993d1d000 	C:\WINDOWS\system32\msvcrt.dll
0x00007ff992380000 - 0x00007ff9923db000 	C:\WINDOWS\system32\sechost.dll
0x00007ff992060000 - 0x00007ff992186000 	C:\WINDOWS\system32\RPCRT4.dll
0x00007ff993df0000 - 0x00007ff993f3e000 	C:\WINDOWS\system32\USER32.dll
0x00007ff993fb0000 - 0x00007ff994133000 	C:\WINDOWS\system32\GDI32.dll
0x00007ff988780000 - 0x00007ff9889f4000 	C:\WINDOWS\WinSxS\amd64_microsoft.windows.common-controls_6595b64144ccf1df_6.0.10240.17184_none_f41d7a705752bce6\COMCTL32.dll
0x00007ff992230000 - 0x00007ff992266000 	C:\WINDOWS\system32\IMM32.DLL
0x00007ff993b20000 - 0x00007ff993c7c000 	C:\WINDOWS\system32\MSCTF.dll
0x0000000059aa0000 - 0x0000000059b72000 	C:\Program Files\Java\jdk1.8.0_65\jre\bin\msvcr100.dll
0x0000000059b80000 - 0x000000005a409000 	C:\Program Files\Java\jdk1.8.0_65\jre\bin\server\jvm.dll
0x00007ff993d20000 - 0x00007ff993d28000 	C:\WINDOWS\system32\PSAPI.DLL
0x00007ff98c6b0000 - 0x00007ff98c6b9000 	C:\WINDOWS\SYSTEM32\WSOCK32.dll
0x00007ff988050000 - 0x00007ff98805a000 	C:\WINDOWS\SYSTEM32\VERSION.dll
0x00007ff98ed30000 - 0x00007ff98ed53000 	C:\WINDOWS\SYSTEM32\WINMM.dll
0x00007ff993f40000 - 0x00007ff993fa9000 	C:\WINDOWS\system32\WS2_32.dll
0x00007ff992220000 - 0x00007ff992228000 	C:\WINDOWS\system32\NSI.dll
0x0000000000ae0000 - 0x0000000000b0c000 	C:\WINDOWS\SYSTEM32\WINMMBASE.dll
0x00007ff9919a0000 - 0x00007ff9919e4000 	C:\WINDOWS\system32\cfgmgr32.dll
0x00007ff990d60000 - 0x00007ff990d87000 	C:\WINDOWS\SYSTEM32\DEVOBJ.dll
0x0000000059a50000 - 0x0000000059a5f000 	C:\Program Files\Java\jdk1.8.0_65\jre\bin\verify.dll
0x0000000059a20000 - 0x0000000059a49000 	C:\Program Files\Java\jdk1.8.0_65\jre\bin\java.dll
0x0000000059a00000 - 0x0000000059a16000 	C:\Program Files\Java\jdk1.8.0_65\jre\bin\zip.dll
0x00007ff992440000 - 0x00007ff993963000 	C:\WINDOWS\system32\SHELL32.dll
0x00007ff9910d0000 - 0x00007ff9916f9000 	C:\WINDOWS\system32\windows.storage.dll
0x00007ff991d30000 - 0x00007ff991fac000 	C:\WINDOWS\system32\combase.dll
0x00007ff992320000 - 0x00007ff992371000 	C:\WINDOWS\system32\shlwapi.dll
0x00007ff991070000 - 0x00007ff99107f000 	C:\WINDOWS\system32\kernel.appcore.dll
0x00007ff9918e0000 - 0x00007ff991993000 	C:\WINDOWS\system32\shcore.dll
0x00007ff991080000 - 0x00007ff9910ca000 	C:\WINDOWS\system32\powrprof.dll
0x00007ff991050000 - 0x00007ff991063000 	C:\WINDOWS\system32\profapi.dll
0x00007ff969d00000 - 0x00007ff969def000 	C:\Program Files\Java\jdk1.8.0_65\jre\bin\msvcr120.dll
0x00007ff969c50000 - 0x00007ff969cf6000 	C:\Program Files\Java\jdk1.8.0_65\jre\bin\msvcp120.dll
0x00000000596c0000 - 0x00000000596e3000 	C:\Program Files\Java\jdk1.8.0_65\jre\bin\prism_d3d.dll
0x00007ff9638f0000 - 0x00007ff963b00000 	C:\WINDOWS\system32\d3d9.dll
0x00007ff98ec50000 - 0x00007ff98ec72000 	C:\WINDOWS\SYSTEM32\dwmapi.dll
0x00007ff98f600000 - 0x00007ff98f696000 	C:\WINDOWS\system32\uxtheme.dll
0x00007ff95b470000 - 0x00007ff95bede000 	C:\WINDOWS\SYSTEM32\igdumdim64.dll
0x00007ff98dce0000 - 0x00007ff98e144000 	C:\WINDOWS\SYSTEM32\igdusc64.dll
0x00000000592c0000 - 0x0000000059303000 	C:\Program Files\Java\jdk1.8.0_65\jre\bin\glass.dll
0x00007ff993970000 - 0x00007ff993a47000 	C:\WINDOWS\system32\COMDLG32.dll
0x00007ff9944c0000 - 0x00007ff994601000 	C:\WINDOWS\system32\ole32.dll
0x00007ff993a50000 - 0x00007ff993b12000 	C:\WINDOWS\system32\OLEAUT32.dll
0x00007ff990de0000 - 0x00007ff990e4b000 	C:\WINDOWS\SYSTEM32\bcryptPrimitives.dll
0x00000000599e0000 - 0x00000000599fa000 	C:\Program Files\Java\jdk1.8.0_65\jre\bin\net.dll
0x00007ff990520000 - 0x00007ff99057d000 	C:\WINDOWS\system32\mswsock.dll
0x00007ff9902e0000 - 0x00007ff990388000 	C:\WINDOWS\SYSTEM32\DNSAPI.dll
0x00007ff986950000 - 0x00007ff98695a000 	C:\Windows\System32\rasadhlp.dll
0x00007ff98b5c0000 - 0x00007ff98b628000 	C:\WINDOWS\System32\fwpuclnt.dll
0x00007ff990f60000 - 0x00007ff990f88000 	C:\WINDOWS\SYSTEM32\bcrypt.dll

VM Arguments:
jvm_args: -Dfile.encoding=UTF-8 
java_command: E:\BCS\Project Pharmacy Management System\PMSystem\dist\run1514202457\PMSystem.jar
java_class_path (initial): E:\BCS\Project Pharmacy Management System\PMSystem\dist\run1514202457\PMSystem.jar
Launcher Type: SUN_STANDARD

Environment Variables:
PATH=C:\sqlite;C:\Users\Rasookhan\AppData\Roaming\npm;C:\Users\Rasookhan\AppData\Local\Programs\Microsoft VS Code\bin
USERNAME=Rasookhan
OS=Windows_NT
PROCESSOR_IDENTIFIER=Intel64 Family 6 Model 58 Stepping 9, GenuineIntel



---------------  S Y S T E M  ---------------

OS: Windows 10.0 , 64 bit Build 10240 (10.0.10240.17113)

CPU:total 4 (2 cores per cpu, 2 threads per core) family 6 model 58 stepping 9, cmov, cx8, fxsr, mmx, sse, sse2, sse3, ssse3, sse4.1, sse4.2, popcnt, avx, clmul, erms, ht, tsc, tscinvbit, tscinv

Memory: 4k page, physical 2766184k(200316k free), swap 5318708k(1564k free)

vm_info: Java HotSpot(TM) 64-Bit Server VM (25.65-b01) for windows-amd64 JRE (1.8.0_65-b17), built on Oct  6 2015 16:39:20 by "java_re" with MS VC++ 10.0 (VS2010)

time: Sat Dec 03 13:07:39 2022
elapsed time: 9 seconds (0d 0h 0m 9s)

