#
# There is insufficient memory for the Java Runtime Environment to continue.
# Native memory allocation (malloc) failed to allocate 867856 bytes for Chunk::new
# Possible reasons:
#   The system is out of physical RAM or swap space
#   In 32 bit mode, the process size limit was hit
# Possible solutions:
#   Reduce memory load on the system
#   Increase physical memory or swap space
#   Check if swap backing store is full
#   Use 64 bit Java on a 64 bit OS
#   Decrease Java heap size (-Xmx/-Xms)
#   Decrease number of Java threads
#   Decrease Java thread stack sizes (-Xss)
#   Set larger code cache with -XX:ReservedCodeCacheSize=
# This output file may be truncated or incomplete.
#
#  Out of Memory Error (allocation.cpp:390), pid=2620, tid=2852
#
# JRE version: Java(TM) SE Runtime Environment (8.0_65-b17) (build 1.8.0_65-b17)
# Java VM: Java HotSpot(TM) 64-Bit Server VM (25.65-b01 mixed mode windows-amd64 compressed oops)
# Failed to write core dump. Minidumps are not enabled by default on client versions of Windows
#

---------------  T H R E A D  ---------------

Current thread (0x0000000013e5b800):  JavaThread "C2 CompilerThread0" daemon [_thread_in_native, id=2852, stack(0x0000000015490000,0x0000000015590000)]

Stack: [0x0000000015490000,0x0000000015590000]
[error occurred during error reporting (printing stack bounds), id 0xc0000005]

Native frames: (J=compiled Java code, j=interpreted, Vv=VM code, C=native code)


Current CompileTask:
C2:   7228 2873       4       com.sun.javafx.css.CompoundSelector::stateMatches (193 bytes)


---------------  P R O C E S S  ---------------

Java Threads: ( => current thread )
  0x000000001902b000 JavaThread "Prism Font Disposer" daemon [_thread_blocked, id=8140, stack(0x000000001b9d0000,0x000000001bad0000)]
  0x0000000015b8e800 JavaThread "Abandoned connection cleanup thread" daemon [_thread_blocked, id=5804, stack(0x0000000018b00000,0x0000000018c00000)]
  0x0000000015e0a800 JavaThread "Thread-3" daemon [_thread_in_native, id=7348, stack(0x0000000018900000,0x0000000018a00000)]
  0x0000000015e04000 JavaThread "JavaFX-Launcher" [_thread_blocked, id=6488, stack(0x0000000018a00000,0x0000000018b00000)]
  0x0000000015b70000 JavaThread "JavaFX Application Thread" [_thread_in_Java, id=5164, stack(0x0000000016c60000,0x0000000016d60000)]
  0x0000000015b63000 JavaThread "Thread-1" daemon [_thread_blocked, id=7532, stack(0x0000000016b60000,0x0000000016c60000)]
  0x0000000015b58800 JavaThread "QuantumRenderer-0" daemon [_thread_blocked, id=5628, stack(0x0000000016590000,0x0000000016690000)]
  0x0000000013ebd800 JavaThread "Service Thread" daemon [_thread_blocked, id=6548, stack(0x0000000015b90000,0x0000000015c90000)]
  0x0000000013e68000 JavaThread "C1 CompilerThread2" daemon [_thread_blocked, id=1748, stack(0x0000000015690000,0x0000000015790000)]
  0x0000000013e5f000 JavaThread "C2 CompilerThread1" daemon [_thread_in_native, id=6228, stack(0x0000000015590000,0x0000000015690000)]
=>0x0000000013e5b800 JavaThread "C2 CompilerThread0" daemon [_thread_in_native, id=2852, stack(0x0000000015490000,0x0000000015590000)]
  0x0000000013e5a000 JavaThread "Attach Listener" daemon [_thread_blocked, id=1268, stack(0x0000000015390000,0x0000000015490000)]
  0x0000000013e59000 JavaThread "Signal Dispatcher" daemon [_thread_blocked, id=7276, stack(0x0000000015290000,0x0000000015390000)]
  0x0000000002426800 JavaThread "Finalizer" daemon [_thread_blocked, id=7240, stack(0x00000000150b0000,0x00000000151b0000)]
  0x000000000241d800 JavaThread "Reference Handler" daemon [_thread_blocked, id=448, stack(0x0000000014fb0000,0x00000000150b0000)]
  0x0000000002331000 JavaThread "main" [_thread_blocked, id=6188, stack(0x00000000021e0000,0x00000000022e0000)]

Other Threads:
  0x0000000013e28000 VMThread [stack: 0x0000000014eb0000,0x0000000014fb0000] [id=2136]
  0x00000000157e0800 WatcherThread [stack: 0x0000000015c90000,0x0000000015d90000] [id=596]

VM state:not at safepoint (normal execution)

VM Mutex/Monitor currently owned by a thread: None

Heap:
 PSYoungGen      total 33792K, used 10423K [0x00000000f1f00000, 0x00000000f4a00000, 0x0000000100000000)
  eden space 23552K, 19% used [0x00000000f1f00000,0x00000000f2375e50,0x00000000f3600000)
  from space 10240K, 57% used [0x00000000f3600000,0x00000000f3bb8008,0x00000000f4000000)
  to   space 10240K, 0% used [0x00000000f4000000,0x00000000f4000000,0x00000000f4a00000)
 ParOldGen       total 38912K, used 15391K [0x00000000d5c00000, 0x00000000d8200000, 0x00000000f1f00000)
  object space 38912K, 39% used [0x00000000d5c00000,0x00000000d6b07d40,0x00000000d8200000)
 Metaspace       used 23778K, capacity 25340K, committed 25472K, reserved 1071104K
  class space    used 3409K, capacity 3668K, committed 3712K, reserved 1048576K

Card table byte_map: [0x00000000117f0000,0x0000000011950000] byte_map_base: 0x0000000011142000

Marking Bits: (ParMarkBitMap*) 0x0000000073b2a5b0
 Begin Bits: [0x0000000011e40000, 0x00000000128d0000)
 End Bits:   [0x00000000128d0000, 0x0000000013360000)

Polling page: 0x00000000004d0000

CodeCache: size=245760Kb used=9912Kb max_used=9912Kb free=235847Kb
 bounds [0x0000000002430000, 0x0000000002df0000, 0x0000000011430000]
 total_blobs=3682 nmethods=2982 adapters=611
 compilation: enabled

Compilation events (10 events):
Event: 7.218 Thread 0x0000000013e68000 nmethod 2988 0x0000000002ddb010 code [0x0000000002ddb160, 0x0000000002ddb2b0]
Event: 7.219 Thread 0x0000000013e68000 2989       3       java.util.AbstractList::listIterator (15 bytes)
Event: 7.220 Thread 0x0000000013e68000 nmethod 2989 0x0000000002ddb350 code [0x0000000002ddb500, 0x0000000002ddba78]
Event: 7.220 Thread 0x0000000013e68000 2992       3       com.sun.javafx.util.Utils::convertSRGBtoLinearRGB (99 bytes)
Event: 7.221 Thread 0x0000000013e68000 nmethod 2992 0x0000000002ddbcd0 code [0x0000000002ddbee0, 0x0000000002ddcb28]
Event: 7.221 Thread 0x0000000013e68000 2990       3       java.util.AbstractList::rangeCheckForAdd (26 bytes)
Event: 7.222 Thread 0x0000000013e68000 nmethod 2990 0x0000000002ddcdd0 code [0x0000000002ddd000, 0x0000000002dddcb8]
Event: 7.222 Thread 0x0000000013e68000 2991       3       java.util.AbstractList$ListItr::<init> (17 bytes)
Event: 7.223 Thread 0x0000000013e68000 nmethod 2991 0x0000000002dde290 code [0x0000000002dde400, 0x0000000002dde6b0]
Event: 7.223 Thread 0x0000000013e68000 2993       3       javafx.scene.layout.BackgroundConverter::convert (595 bytes)

GC Heap History (10 events):
Event: 5.024 GC heap before
{Heap before GC invocations=4 (full 0):
 PSYoungGen      total 13312K, used 12764K [0x00000000f1f00000, 0x00000000f2d80000, 0x0000000100000000)
  eden space 11776K, 95% used [0x00000000f1f00000,0x00000000f29ff198,0x00000000f2a80000)
  from space 1536K, 97% used [0x00000000f2a80000,0x00000000f2bf8030,0x00000000f2c00000)
  to   space 1536K, 0% used [0x00000000f2c00000,0x00000000f2c00000,0x00000000f2d80000)
 ParOldGen       total 30208K, used 6254K [0x00000000d5c00000, 0x00000000d7980000, 0x00000000f1f00000)
  object space 30208K, 20% used [0x00000000d5c00000,0x00000000d621bbf0,0x00000000d7980000)
 Metaspace       used 19069K, capacity 19778K, committed 19968K, reserved 1067008K
  class space    used 2570K, capacity 2735K, committed 2816K, reserved 1048576K
Event: 5.037 GC heap after
Heap after GC invocations=4 (full 0):
 PSYoungGen      total 13312K, used 1504K [0x00000000f1f00000, 0x00000000f2d80000, 0x0000000100000000)
  eden space 11776K, 0% used [0x00000000f1f00000,0x00000000f1f00000,0x00000000f2a80000)
  from space 1536K, 97% used [0x00000000f2c00000,0x00000000f2d78020,0x00000000f2d80000)
  to   space 1536K, 0% used [0x00000000f2a80000,0x00000000f2a80000,0x00000000f2c00000)
 ParOldGen       total 30208K, used 8314K [0x00000000d5c00000, 0x00000000d7980000, 0x00000000f1f00000)
  object space 30208K, 27% used [0x00000000d5c00000,0x00000000d641ea98,0x00000000d7980000)
 Metaspace       used 19069K, capacity 19778K, committed 19968K, reserved 1067008K
  class space    used 2570K, capacity 2735K, committed 2816K, reserved 1048576K
}
Event: 5.209 GC heap before
{Heap before GC invocations=5 (full 0):
 PSYoungGen      total 13312K, used 13280K [0x00000000f1f00000, 0x00000000f2d80000, 0x0000000100000000)
  eden space 11776K, 100% used [0x00000000f1f00000,0x00000000f2a80000,0x00000000f2a80000)
  from space 1536K, 97% used [0x00000000f2c00000,0x00000000f2d78020,0x00000000f2d80000)
  to   space 1536K, 0% used [0x00000000f2a80000,0x00000000f2a80000,0x00000000f2c00000)
 ParOldGen       total 30208K, used 8314K [0x00000000d5c00000, 0x00000000d7980000, 0x00000000f1f00000)
  object space 30208K, 27% used [0x00000000d5c00000,0x00000000d641ea98,0x00000000d7980000)
 Metaspace       used 19413K, capacity 20220K, committed 20224K, reserved 1067008K
  class space    used 2629K, capacity 2814K, committed 2816K, reserved 1048576K
Event: 5.218 GC heap after
Heap after GC invocations=5 (full 0):
 PSYoungGen      total 13312K, used 1526K [0x00000000f1f00000, 0x00000000f4a00000, 0x0000000100000000)
  eden space 11776K, 0% used [0x00000000f1f00000,0x00000000f1f00000,0x00000000f2a80000)
  from space 1536K, 99% used [0x00000000f2a80000,0x00000000f2bfdaf8,0x00000000f2c00000)
  to   space 10240K, 0% used [0x00000000f4000000,0x00000000f4000000,0x00000000f4a00000)
 ParOldGen       total 30208K, used 17662K [0x00000000d5c00000, 0x00000000d7980000, 0x00000000f1f00000)
  object space 30208K, 58% used [0x00000000d5c00000,0x00000000d6d3fb78,0x00000000d7980000)
 Metaspace       used 19413K, capacity 20220K, committed 20224K, reserved 1067008K
  class space    used 2629K, capacity 2814K, committed 2816K, reserved 1048576K
}
Event: 5.614 GC heap before
{Heap before GC invocations=6 (full 0):
 PSYoungGen      total 13312K, used 10588K [0x00000000f1f00000, 0x00000000f4a00000, 0x0000000100000000)
  eden space 11776K, 76% used [0x00000000f1f00000,0x00000000f27d98e0,0x00000000f2a80000)
  from space 1536K, 99% used [0x00000000f2a80000,0x00000000f2bfdaf8,0x00000000f2c00000)
  to   space 10240K, 0% used [0x00000000f4000000,0x00000000f4000000,0x00000000f4a00000)
 ParOldGen       total 30208K, used 17662K [0x00000000d5c00000, 0x00000000d7980000, 0x00000000f1f00000)
  object space 30208K, 58% used [0x00000000d5c00000,0x00000000d6d3fb78,0x00000000d7980000)
 Metaspace       used 20236K, capacity 21152K, committed 21296K, reserved 1067008K
  class space    used 2735K, capacity 2920K, committed 2944K, reserved 1048576K
Event: 5.627 GC heap after
Heap after GC invocations=6 (full 0):
 PSYoungGen      total 33792K, used 2038K [0x00000000f1f00000, 0x00000000f4a00000, 0x0000000100000000)
  eden space 23552K, 0% used [0x00000000f1f00000,0x00000000f1f00000,0x00000000f3600000)
  from space 10240K, 19% used [0x00000000f4000000,0x00000000f41fdaf8,0x00000000f4a00000)
  to   space 10240K, 0% used [0x00000000f3600000,0x00000000f3600000,0x00000000f4000000)
 ParOldGen       total 30208K, used 17662K [0x00000000d5c00000, 0x00000000d7980000, 0x00000000f1f00000)
  object space 30208K, 58% used [0x00000000d5c00000,0x00000000d6d3fb78,0x00000000d7980000)
 Metaspace       used 20236K, capacity 21152K, committed 21296K, reserved 1067008K
  class space    used 2735K, capacity 2920K, committed 2944K, reserved 1048576K
}
Event: 5.627 GC heap before
{Heap before GC invocations=7 (full 1):
 PSYoungGen      total 33792K, used 2038K [0x00000000f1f00000, 0x00000000f4a00000, 0x0000000100000000)
  eden space 23552K, 0% used [0x00000000f1f00000,0x00000000f1f00000,0x00000000f3600000)
  from space 10240K, 19% used [0x00000000f4000000,0x00000000f41fdaf8,0x00000000f4a00000)
  to   space 10240K, 0% used [0x00000000f3600000,0x00000000f3600000,0x00000000f4000000)
 ParOldGen       total 30208K, used 17662K [0x00000000d5c00000, 0x00000000d7980000, 0x00000000f1f00000)
  object space 30208K, 58% used [0x00000000d5c00000,0x00000000d6d3fb78,0x00000000d7980000)
 Metaspace       used 20236K, capacity 21152K, committed 21296K, reserved 1067008K
  class space    used 2735K, capacity 2920K, committed 2944K, reserved 1048576K
Event: 5.672 GC heap after
Heap after GC invocations=7 (full 1):
 PSYoungGen      total 33792K, used 0K [0x00000000f1f00000, 0x00000000f4a00000, 0x0000000100000000)
  eden space 23552K, 0% used [0x00000000f1f00000,0x00000000f1f00000,0x00000000f3600000)
  from space 10240K, 0% used [0x00000000f4000000,0x00000000f4000000,0x00000000f4a00000)
  to   space 10240K, 0% used [0x00000000f3600000,0x00000000f3600000,0x00000000f4000000)
 ParOldGen       total 38912K, used 15383K [0x00000000d5c00000, 0x00000000d8200000, 0x00000000f1f00000)
  object space 38912K, 39% used [0x00000000d5c00000,0x00000000d6b05d40,0x00000000d8200000)
 Metaspace       used 20236K, capacity 21152K, committed 21296K, reserved 1067008K
  class space    used 2735K, capacity 2920K, committed 2944K, reserved 1048576K
}
Event: 7.059 GC heap before
{Heap before GC invocations=8 (full 1):
 PSYoungGen      total 33792K, used 23552K [0x00000000f1f00000, 0x00000000f4a00000, 0x0000000100000000)
  eden space 23552K, 100% used [0x00000000f1f00000,0x00000000f3600000,0x00000000f3600000)
  from space 10240K, 0% used [0x00000000f4000000,0x00000000f4000000,0x00000000f4a00000)
  to   space 10240K, 0% used [0x00000000f3600000,0x00000000f3600000,0x00000000f4000000)
 ParOldGen       total 38912K, used 15383K [0x00000000d5c00000, 0x00000000d8200000, 0x00000000f1f00000)
  object space 38912K, 39% used [0x00000000d5c00000,0x00000000d6b05d40,0x00000000d8200000)
 Metaspace       used 23709K, capacity 25340K, committed 25472K, reserved 1071104K
  class space    used 3409K, capacity 3668K, committed 3712K, reserved 1048576K
Event: 7.080 GC heap after
Heap after GC invocations=8 (full 1):
 PSYoungGen      total 33792K, used 5856K [0x00000000f1f00000, 0x00000000f4a00000, 0x0000000100000000)
  eden space 23552K, 0% used [0x00000000f1f00000,0x00000000f1f00000,0x00000000f3600000)
  from space 10240K, 57% used [0x00000000f3600000,0x00000000f3bb8008,0x00000000f4000000)
  to   space 10240K, 0% used [0x00000000f4000000,0x00000000f4000000,0x00000000f4a00000)
 ParOldGen       total 38912K, used 15391K [0x00000000d5c00000, 0x00000000d8200000, 0x00000000f1f00000)
  object space 38912K, 39% used [0x00000000d5c00000,0x00000000d6b07d40,0x00000000d8200000)
 Metaspace       used 23709K, capacity 25340K, committed 25472K, reserved 1071104K
  class space    used 3409K, capacity 3668K, committed 3712K, reserved 1048576K
}

Deoptimization events (10 events):
Event: 5.762 Thread 0x0000000015b70000 Uncommon trap: reason=class_check action=maybe_recompile pc=0x000000000254fb70 method=java.lang.String.equals(Ljava/lang/Object;)Z @ 8
Event: 5.784 Thread 0x0000000015b70000 Uncommon trap: reason=class_check action=maybe_recompile pc=0x0000000002b12e8c method=javafx.beans.property.ObjectPropertyBase.get()Ljava/lang/Object; @ 23
Event: 5.785 Thread 0x0000000015b70000 Uncommon trap: reason=class_check action=maybe_recompile pc=0x0000000002b12e8c method=javafx.beans.property.ObjectPropertyBase.get()Ljava/lang/Object; @ 23
Event: 5.785 Thread 0x0000000015b70000 Uncommon trap: reason=class_check action=maybe_recompile pc=0x0000000002b12e8c method=javafx.beans.property.ObjectPropertyBase.get()Ljava/lang/Object; @ 23
Event: 5.785 Thread 0x0000000015b70000 Uncommon trap: reason=class_check action=maybe_recompile pc=0x0000000002b12e8c method=javafx.beans.property.ObjectPropertyBase.get()Ljava/lang/Object; @ 23
Event: 5.786 Thread 0x0000000015b70000 Uncommon trap: reason=array_check action=maybe_recompile pc=0x0000000002b4a650 method=com.sun.javafx.css.SimpleSelector.applies(Ljavafx/css/Styleable;[Ljava/util/Set;I)Z @ 37
Event: 6.044 Thread 0x0000000015b70000 Uncommon trap: reason=unstable_if action=reinterpret pc=0x00000000026f62f0 method=sun.net.www.ParseUtil.encodePath(Ljava/lang/String;Z)Ljava/lang/String; @ 109
Event: 6.112 Thread 0x0000000015b70000 Uncommon trap: reason=unstable_if action=reinterpret pc=0x0000000002b64720 method=com.sun.javafx.css.CompoundSelector.applies(Ljavafx/css/Styleable;I[Ljava/util/Set;I)Z @ 125
Event: 6.386 Thread 0x0000000015b70000 Uncommon trap: reason=unstable_if action=reinterpret pc=0x000000000261f100 method=java.lang.CharacterData.of(I)Ljava/lang/CharacterData; @ 4
Event: 6.797 Thread 0x0000000015b70000 Uncommon trap: reason=bimorphic action=maybe_recompile pc=0x00000000028d0b18 method=java.util.HashMap.putVal(ILjava/lang/Object;Ljava/lang/Object;ZZ)Ljava/lang/Object; @ 203

Internal exceptions (10 events):
Event: 3.098 Thread 0x0000000015b70000 Exception <a 'java/lang/NullPointerException'> (0x00000000f26529e0) thrown at [C:\workspace\8-2-build-windows-amd64-cygwin\jdk8u65\4987\hotspot\src\share\vm\interpreter\linkResolver.cpp, line 1178]
Event: 3.098 Thread 0x0000000015b70000 Exception <a 'java/lang/NullPointerException'> (0x00000000f26529e0) thrown at [C:\workspace\8-2-build-windows-amd64-cygwin\jdk8u65\4987\hotspot\src\share\vm\prims\jvm.cpp, line 1390]
Event: 3.441 Thread 0x0000000015b70000 Exception <a 'java/lang/ArrayIndexOutOfBoundsException'> (0x00000000f2010400) thrown at [C:\workspace\8-2-build-windows-amd64-cygwin\jdk8u65\4987\hotspot\src\share\vm\runtime\sharedRuntime.cpp, line 605]
Event: 3.442 Thread 0x0000000015b70000 Exception <a 'java/lang/ArrayIndexOutOfBoundsException'> (0x00000000f2011100) thrown at [C:\workspace\8-2-build-windows-amd64-cygwin\jdk8u65\4987\hotspot\src\share\vm\runtime\sharedRuntime.cpp, line 605]
Event: 3.443 Thread 0x0000000015b70000 Exception <a 'java/lang/ArrayIndexOutOfBoundsException'> (0x00000000f20124a8) thrown at [C:\workspace\8-2-build-windows-amd64-cygwin\jdk8u65\4987\hotspot\src\share\vm\runtime\sharedRuntime.cpp, line 605]
Event: 3.571 Thread 0x0000000015b70000 Exception <a 'java/lang/ArrayIndexOutOfBoundsException': 57> (0x00000000f223edb0) thrown at [C:\workspace\8-2-build-windows-amd64-cygwin\jdk8u65\4987\hotspot\src\share\vm\interpreter\interpreterRuntime.cpp, line 366]
Event: 3.571 Thread 0x0000000015b70000 Exception <a 'java/lang/ArrayIndexOutOfBoundsException': 57> (0x00000000f2240228) thrown at [C:\workspace\8-2-build-windows-amd64-cygwin\jdk8u65\4987\hotspot\src\share\vm\interpreter\interpreterRuntime.cpp, line 366]
Event: 4.683 Thread 0x0000000015b70000 Implicit null exception at 0x0000000002754d75 to 0x0000000002754f85
Event: 4.683 Thread 0x0000000015b70000 Implicit null exception at 0x000000000276ca18 to 0x000000000276caa6
Event: 4.728 Thread 0x0000000015b70000 Implicit null exception at 0x00000000026fc7ef to 0x00000000026fc859

Events (10 events):
Event: 6.744 loading class javafx/scene/input/TouchEvent done
Event: 6.744 loading class com/sun/javafx/scene/control/skin/ScrollPaneSkin
Event: 6.744 loading class com/sun/javafx/scene/control/skin/ScrollPaneSkin done
Event: 6.797 Thread 0x0000000015b70000 Uncommon trap: trap_request=0xffffffc6 fr.pc=0x00000000028d0b18
Event: 6.797 Thread 0x0000000015b70000 DEOPT PACKING pc=0x00000000028d0b18 sp=0x0000000016d5d3c0
Event: 6.797 Thread 0x0000000015b70000 DEOPT UNPACKING pc=0x000000000247582a sp=0x0000000016d5d338 mode 2
Event: 6.806 Executing VM operation: ForceSafepoint
Event: 6.806 Executing VM operation: ForceSafepoint done
Event: 7.058 Executing VM operation: ParallelGCFailedAllocation
Event: 7.080 Executing VM operation: ParallelGCFailedAllocation done


Dynamic libraries:
0x00007ff662e50000 - 0x00007ff662e87000 	C:\Program Files\Java\jdk1.8.0_65\jre\bin\java.exe
0x00007fff4d700000 - 0x00007fff4d8c2000 	C:\WINDOWS\SYSTEM32\ntdll.dll
0x00007fff4c120000 - 0x00007fff4c1cd000 	C:\WINDOWS\system32\KERNEL32.DLL
0x00007fff4a3e0000 - 0x00007fff4a5bd000 	C:\WINDOWS\system32\KERNELBASE.dll
0x00007fff4bee0000 - 0x00007fff4bf86000 	C:\WINDOWS\system32\ADVAPI32.dll
0x00007fff4ade0000 - 0x00007fff4ae7d000 	C:\WINDOWS\system32\msvcrt.dll
0x00007fff4ae80000 - 0x00007fff4aedb000 	C:\WINDOWS\system32\sechost.dll
0x00007fff4af40000 - 0x00007fff4b066000 	C:\WINDOWS\system32\RPCRT4.dll
0x00007fff4bc20000 - 0x00007fff4bd6e000 	C:\WINDOWS\system32\USER32.dll
0x00007fff4bf90000 - 0x00007fff4c113000 	C:\WINDOWS\system32\GDI32.dll
0x00007fff43f40000 - 0x00007fff441b4000 	C:\WINDOWS\WinSxS\amd64_microsoft.windows.common-controls_6595b64144ccf1df_6.0.10240.17184_none_f41d7a705752bce6\COMCTL32.dll
0x00007fff4b080000 - 0x00007fff4b0b6000 	C:\WINDOWS\system32\IMM32.DLL
0x00007fff4b3a0000 - 0x00007fff4b4fc000 	C:\WINDOWS\system32\MSCTF.dll
0x0000000073240000 - 0x0000000073312000 	C:\Program Files\Java\jdk1.8.0_65\jre\bin\msvcr100.dll
0x0000000073320000 - 0x0000000073ba9000 	C:\Program Files\Java\jdk1.8.0_65\jre\bin\server\jvm.dll
0x00007fff4adc0000 - 0x00007fff4adc8000 	C:\WINDOWS\system32\PSAPI.DLL
0x00007fff41370000 - 0x00007fff41379000 	C:\WINDOWS\SYSTEM32\WSOCK32.dll
0x00007fff483e0000 - 0x00007fff48403000 	C:\WINDOWS\SYSTEM32\WINMM.dll
0x00007fff43880000 - 0x00007fff4388a000 	C:\WINDOWS\SYSTEM32\VERSION.dll
0x00007fff4bbb0000 - 0x00007fff4bc19000 	C:\WINDOWS\system32\WS2_32.dll
0x00007fff4add0000 - 0x00007fff4add8000 	C:\WINDOWS\system32\NSI.dll
0x00000000004a0000 - 0x00000000004cc000 	C:\WINDOWS\SYSTEM32\WINMMBASE.dll
0x00007fff4a390000 - 0x00007fff4a3d4000 	C:\WINDOWS\system32\cfgmgr32.dll
0x00007fff49e80000 - 0x00007fff49ea7000 	C:\WINDOWS\SYSTEM32\DEVOBJ.dll
0x00000000731f0000 - 0x00000000731ff000 	C:\Program Files\Java\jdk1.8.0_65\jre\bin\verify.dll
0x00000000731c0000 - 0x00000000731e9000 	C:\Program Files\Java\jdk1.8.0_65\jre\bin\java.dll
0x00000000731a0000 - 0x00000000731b6000 	C:\Program Files\Java\jdk1.8.0_65\jre\bin\zip.dll
0x00007fff4c1d0000 - 0x00007fff4d6f3000 	C:\WINDOWS\system32\SHELL32.dll
0x00007fff4a620000 - 0x00007fff4ac49000 	C:\WINDOWS\system32\windows.storage.dll
0x00007fff4b6b0000 - 0x00007fff4b92c000 	C:\WINDOWS\system32\combase.dll
0x00007fff4b0c0000 - 0x00007fff4b111000 	C:\WINDOWS\system32\shlwapi.dll
0x00007fff4a1b0000 - 0x00007fff4a1bf000 	C:\WINDOWS\system32\kernel.appcore.dll
0x00007fff4ac50000 - 0x00007fff4ad03000 	C:\WINDOWS\system32\shcore.dll
0x00007fff4a140000 - 0x00007fff4a18a000 	C:\WINDOWS\system32\powrprof.dll
0x00007fff4a120000 - 0x00007fff4a133000 	C:\WINDOWS\system32\profapi.dll
0x00007fff23560000 - 0x00007fff2364f000 	C:\Program Files\Java\jdk1.8.0_65\jre\bin\msvcr120.dll
0x00007fff234b0000 - 0x00007fff23556000 	C:\Program Files\Java\jdk1.8.0_65\jre\bin\msvcp120.dll
0x0000000071ff0000 - 0x0000000072013000 	C:\Program Files\Java\jdk1.8.0_65\jre\bin\prism_d3d.dll
0x00007fff158b0000 - 0x00007fff15ac0000 	C:\WINDOWS\system32\d3d9.dll
0x00007fff47040000 - 0x00007fff47062000 	C:\WINDOWS\SYSTEM32\dwmapi.dll
0x00007fff486f0000 - 0x00007fff48786000 	C:\WINDOWS\system32\uxtheme.dll
0x00007fff14e40000 - 0x00007fff158ae000 	C:\WINDOWS\SYSTEM32\igdumdim64.dll
0x00007fff45c90000 - 0x00007fff460f4000 	C:\WINDOWS\SYSTEM32\igdusc64.dll
0x0000000071fa0000 - 0x0000000071fe3000 	C:\Program Files\Java\jdk1.8.0_65\jre\bin\glass.dll
0x00007fff4be00000 - 0x00007fff4bed7000 	C:\WINDOWS\system32\COMDLG32.dll
0x00007fff4b120000 - 0x00007fff4b261000 	C:\WINDOWS\system32\ole32.dll
0x00007fff4b2d0000 - 0x00007fff4b392000 	C:\WINDOWS\system32\OLEAUT32.dll
0x00007fff49ee0000 - 0x00007fff49f4b000 	C:\WINDOWS\SYSTEM32\bcryptPrimitives.dll
0x0000000073180000 - 0x000000007319a000 	C:\Program Files\Java\jdk1.8.0_65\jre\bin\net.dll
0x00007fff49640000 - 0x00007fff4969d000 	C:\WINDOWS\system32\mswsock.dll
0x00007fff49400000 - 0x00007fff494a8000 	C:\WINDOWS\SYSTEM32\DNSAPI.dll
0x00007fff38d20000 - 0x00007fff38d2a000 	C:\Windows\System32\rasadhlp.dll
0x00007fff447b0000 - 0x00007fff44818000 	C:\WINDOWS\System32\fwpuclnt.dll
0x00007fff4a050000 - 0x00007fff4a078000 	C:\WINDOWS\SYSTEM32\bcrypt.dll
0x0000000073fa0000 - 0x0000000073fb4000 	C:\Program Files\Java\jdk1.8.0_65\jre\bin\javafx_font.dll
0x00007fff40720000 - 0x00007fff40977000 	C:\WINDOWS\SYSTEM32\dwrite.dll
0x00007fff496a0000 - 0x00007fff496b7000 	C:\WINDOWS\SYSTEM32\CRYPTSP.dll
0x00007fff49290000 - 0x00007fff492c3000 	C:\WINDOWS\system32\rsaenh.dll
0x00007fff493e0000 - 0x00007fff493ff000 	C:\WINDOWS\SYSTEM32\USERENV.dll
0x00007fff49810000 - 0x00007fff4981b000 	C:\WINDOWS\SYSTEM32\CRYPTBASE.dll
0x00007fff473b0000 - 0x00007fff473e8000 	C:\WINDOWS\SYSTEM32\IPHLPAPI.DLL
0x00007fff47240000 - 0x00007fff4724b000 	C:\WINDOWS\SYSTEM32\WINNSI.DLL
0x00007fff44780000 - 0x00007fff44796000 	C:\WINDOWS\SYSTEM32\dhcpcsvc6.DLL
0x00007fff44760000 - 0x00007fff4477a000 	C:\WINDOWS\SYSTEM32\dhcpcsvc.DLL
0x0000000073160000 - 0x0000000073171000 	C:\Program Files\Java\jdk1.8.0_65\jre\bin\nio.dll
0x00007fff4bb00000 - 0x00007fff4bba5000 	C:\WINDOWS\system32\clbcatq.dll
0x00007fff45a00000 - 0x00007fff45bb2000 	C:\WINDOWS\SYSTEM32\WindowsCodecs.dll
0x00007fff20760000 - 0x00007fff207a6000 	C:\WINDOWS\system32\dataexchange.dll
0x00007fff417d0000 - 0x00007fff41d15000 	C:\WINDOWS\system32\d2d1.dll
0x00007fff46d90000 - 0x00007fff47033000 	C:\WINDOWS\system32\d3d11.dll
0x00007fff47f60000 - 0x00007fff48031000 	C:\WINDOWS\system32\dcomp.dll
0x00007fff46cb0000 - 0x00007fff46d4c000 	C:\WINDOWS\system32\dxgi.dll
0x00007fff487b0000 - 0x00007fff4889e000 	C:\WINDOWS\system32\twinapi.appcore.dll
0x00007fff183e0000 - 0x00007fff18414000 	C:\Program Files\Common Files\Microsoft Shared\Ink\rtscom.dll

VM Arguments:
jvm_args: -Dfile.encoding=UTF-8 
java_command: E:\BCS\Project Pharmacy Management System\PMSystem\dist\run543746925\PMSystem.jar
java_class_path (initial): E:\BCS\Project Pharmacy Management System\PMSystem\dist\run543746925\PMSystem.jar
Launcher Type: SUN_STANDARD

Environment Variables:
PATH=C:\sqlite;C:\Users\Rasookhan\AppData\Roaming\npm;C:\Users\Rasookhan\AppData\Local\Programs\Microsoft VS Code\bin
USERNAME=Rasookhan
OS=Windows_NT
PROCESSOR_IDENTIFIER=Intel64 Family 6 Model 58 Stepping 9, GenuineIntel



---------------  S Y S T E M  ---------------

OS: Windows 10.0 , 64 bit Build 10240 (10.0.10240.17113)

CPU:total 4 (2 cores per cpu, 2 threads per core) family 6 model 58 stepping 9, cmov, cx8, fxsr, mmx, sse, sse2, sse3, ssse3, sse4.1, sse4.2, popcnt, avx, clmul, erms, ht, tsc, tscinvbit, tscinv

Memory: 4k page, physical 2766184k(271240k free), swap 5434820k(5804k free)

vm_info: Java HotSpot(TM) 64-Bit Server VM (25.65-b01) for windows-amd64 JRE (1.8.0_65-b17), built on Oct  6 2015 16:39:20 by "java_re" with MS VC++ 10.0 (VS2010)

time: Sun Nov 27 23:53:41 2022
elapsed time: 7 seconds (0d 0h 0m 7s)

