#
# There is insufficient memory for the Java Runtime Environment to continue.
# Native memory allocation (malloc) failed to allocate 1661376 bytes for Chunk::new
# Possible reasons:
#   The system is out of physical RAM or swap space
#   In 32 bit mode, the process size limit was hit
# Possible solutions:
#   Reduce memory load on the system
#   Increase physical memory or swap space
#   Check if swap backing store is full
#   Use 64 bit Java on a 64 bit OS
#   Decrease Java heap size (-Xmx/-Xms)
#   Decrease number of Java threads
#   Decrease Java thread stack sizes (-Xss)
#   Set larger code cache with -XX:ReservedCodeCacheSize=
# This output file may be truncated or incomplete.
#
#  Out of Memory Error (allocation.cpp:390), pid=6308, tid=5740
#
# JRE version: Java(TM) SE Runtime Environment (8.0_65-b17) (build 1.8.0_65-b17)
# Java VM: Java HotSpot(TM) 64-Bit Server VM (25.65-b01 mixed mode windows-amd64 compressed oops)
# Failed to write core dump. Minidumps are not enabled by default on client versions of Windows
#

---------------  T H R E A D  ---------------

Current thread (0x00000000146ac800):  JavaThread "C2 CompilerThread0" daemon [_thread_in_native, id=5740, stack(0x0000000015cf0000,0x0000000015df0000)]

Stack: [0x0000000015cf0000,0x0000000015df0000]
[error occurred during error reporting (printing stack bounds), id 0xc0000005]

Native frames: (J=compiled Java code, j=interpreted, Vv=VM code, C=native code)


Current CompileTask:
C2:   3992 1919       4       com.sun.javafx.css.CompoundSelector::applies (144 bytes)


---------------  P R O C E S S  ---------------

Java Threads: ( => current thread )
  0x0000000016b47000 JavaThread "Prism Font Disposer" daemon [_thread_blocked, id=7320, stack(0x000000001b260000,0x000000001b360000)]
  0x000000001670d800 JavaThread "Abandoned connection cleanup thread" daemon [_thread_blocked, id=3328, stack(0x0000000019390000,0x0000000019490000)]
  0x0000000016679000 JavaThread "Thread-3" daemon [_thread_in_native, id=4320, stack(0x0000000019190000,0x0000000019290000)]
  0x000000001668f000 JavaThread "JavaFX-Launcher" [_thread_blocked, id=6860, stack(0x0000000019290000,0x0000000019390000)]
  0x00000000163e2000 JavaThread "JavaFX Application Thread" [_thread_in_vm, id=4476, stack(0x00000000174e0000,0x00000000175e0000)]
  0x00000000163d3000 JavaThread "Thread-1" daemon [_thread_blocked, id=8124, stack(0x00000000173e0000,0x00000000174e0000)]
  0x00000000163ca000 JavaThread "QuantumRenderer-0" daemon [_thread_blocked, id=6924, stack(0x0000000016df0000,0x0000000016ef0000)]
  0x000000001601b800 JavaThread "Service Thread" daemon [_thread_blocked, id=7004, stack(0x00000000163f0000,0x00000000164f0000)]
  0x00000000146ba800 JavaThread "C1 CompilerThread2" daemon [_thread_blocked, id=7384, stack(0x0000000015ef0000,0x0000000015ff0000)]
  0x00000000146af800 JavaThread "C2 CompilerThread1" daemon [_thread_in_native, id=5472, stack(0x0000000015df0000,0x0000000015ef0000)]
=>0x00000000146ac800 JavaThread "C2 CompilerThread0" daemon [_thread_in_native, id=5740, stack(0x0000000015cf0000,0x0000000015df0000)]
  0x00000000146ab800 JavaThread "Attach Listener" daemon [_thread_blocked, id=4000, stack(0x0000000015bf0000,0x0000000015cf0000)]
  0x00000000146aa800 JavaThread "Signal Dispatcher" daemon [_thread_blocked, id=6468, stack(0x0000000015af0000,0x0000000015bf0000)]
  0x0000000002d68000 JavaThread "Finalizer" daemon [_thread_blocked, id=2584, stack(0x0000000015910000,0x0000000015a10000)]
  0x0000000002d5f800 JavaThread "Reference Handler" daemon [_thread_blocked, id=4952, stack(0x0000000015810000,0x0000000015910000)]
  0x0000000002c71000 JavaThread "main" [_thread_blocked, id=1740, stack(0x0000000002b70000,0x0000000002c70000)]

Other Threads:
  0x0000000014677000 VMThread [stack: 0x0000000015710000,0x0000000015810000] [id=308]
  0x0000000016036000 WatcherThread [stack: 0x00000000164f0000,0x00000000165f0000] [id=8064]

VM state:not at safepoint (normal execution)

VM Mutex/Monitor currently owned by a thread: None

Heap:
 PSYoungGen      total 13312K, used 10119K [0x00000000f1f00000, 0x00000000f2d80000, 0x0000000100000000)
  eden space 11776K, 73% used [0x00000000f1f00000,0x00000000f2769e30,0x00000000f2a80000)
  from space 1536K, 97% used [0x00000000f2a80000,0x00000000f2bf8040,0x00000000f2c00000)
  to   space 1536K, 0% used [0x00000000f2c00000,0x00000000f2c00000,0x00000000f2d80000)
 ParOldGen       total 30208K, used 17681K [0x00000000d5c00000, 0x00000000d7980000, 0x00000000f1f00000)
  object space 30208K, 58% used [0x00000000d5c00000,0x00000000d6d44758,0x00000000d7980000)
 Metaspace       used 20112K, capacity 20980K, committed 21120K, reserved 1067008K
  class space    used 2711K, capacity 2920K, committed 2944K, reserved 1048576K

Card table byte_map: [0x0000000012130000,0x0000000012290000] byte_map_base: 0x0000000011a82000

Marking Bits: (ParMarkBitMap*) 0x000000005a38a5b0
 Begin Bits: [0x0000000012690000, 0x0000000013120000)
 End Bits:   [0x0000000013120000, 0x0000000013bb0000)

Polling page: 0x0000000001140000

CodeCache: size=245760Kb used=7128Kb max_used=7128Kb free=238631Kb
 bounds [0x0000000002d70000, 0x0000000003470000, 0x0000000011d70000]
 total_blobs=2668 nmethods=2014 adapters=566
 compilation: enabled

Compilation events (10 events):
Event: 3.871 Thread 0x00000000146ba800 2015       3       java.util.Arrays::sort (47 bytes)
Event: 3.871 Thread 0x00000000146ba800 nmethod 2015 0x000000000345d950 code [0x000000000345db00, 0x000000000345df58]
Event: 3.922 Thread 0x00000000146ba800 2017  s    3       java.util.Vector::elementAt (48 bytes)
Event: 3.924 Thread 0x00000000146ba800 nmethod 2017 0x000000000345ec50 code [0x000000000345ee60, 0x000000000345fa08]
Event: 3.970 Thread 0x00000000146ba800 2020       3       java.lang.ClassLoader::checkName (43 bytes)
Event: 3.971 Thread 0x00000000146ba800 nmethod 2020 0x0000000003463bd0 code [0x0000000003463d80, 0x0000000003464538]
Event: 3.982 Thread 0x00000000146ba800 2021       3       sun.invoke.util.VerifyAccess::isMemberAccessible (261 bytes)
Event: 3.985 Thread 0x00000000146ba800 nmethod 2021 0x0000000003466cd0 code [0x0000000003466fa0, 0x0000000003468558]
Event: 3.985 Thread 0x00000000146ba800 2022       3       java.lang.invoke.BoundMethodHandle::<init> (32 bytes)
Event: 3.985 Thread 0x00000000146ba800 nmethod 2022 0x0000000003469d10 code [0x0000000003469ea0, 0x000000000346a2b8]

GC Heap History (10 events):
Event: 0.632 GC heap before
{Heap before GC invocations=1 (full 0):
 PSYoungGen      total 13312K, used 11776K [0x00000000f1f00000, 0x00000000f2d80000, 0x0000000100000000)
  eden space 11776K, 100% used [0x00000000f1f00000,0x00000000f2a80000,0x00000000f2a80000)
  from space 1536K, 0% used [0x00000000f2c00000,0x00000000f2c00000,0x00000000f2d80000)
  to   space 1536K, 0% used [0x00000000f2a80000,0x00000000f2a80000,0x00000000f2c00000)
 ParOldGen       total 30208K, used 0K [0x00000000d5c00000, 0x00000000d7980000, 0x00000000f1f00000)
  object space 30208K, 0% used [0x00000000d5c00000,0x00000000d5c00000,0x00000000d7980000)
 Metaspace       used 8354K, capacity 8674K, committed 8960K, reserved 1056768K
  class space    used 1015K, capacity 1160K, committed 1280K, reserved 1048576K
Event: 0.635 GC heap after
Heap after GC invocations=1 (full 0):
 PSYoungGen      total 13312K, used 1520K [0x00000000f1f00000, 0x00000000f2d80000, 0x0000000100000000)
  eden space 11776K, 0% used [0x00000000f1f00000,0x00000000f1f00000,0x00000000f2a80000)
  from space 1536K, 98% used [0x00000000f2a80000,0x00000000f2bfc030,0x00000000f2c00000)
  to   space 1536K, 0% used [0x00000000f2c00000,0x00000000f2c00000,0x00000000f2d80000)
 ParOldGen       total 30208K, used 318K [0x00000000d5c00000, 0x00000000d7980000, 0x00000000f1f00000)
  object space 30208K, 1% used [0x00000000d5c00000,0x00000000d5c4f8a0,0x00000000d7980000)
 Metaspace       used 8354K, capacity 8674K, committed 8960K, reserved 1056768K
  class space    used 1015K, capacity 1160K, committed 1280K, reserved 1048576K
}
Event: 1.358 GC heap before
{Heap before GC invocations=2 (full 0):
 PSYoungGen      total 13312K, used 13296K [0x00000000f1f00000, 0x00000000f2d80000, 0x0000000100000000)
  eden space 11776K, 100% used [0x00000000f1f00000,0x00000000f2a80000,0x00000000f2a80000)
  from space 1536K, 98% used [0x00000000f2a80000,0x00000000f2bfc030,0x00000000f2c00000)
  to   space 1536K, 0% used [0x00000000f2c00000,0x00000000f2c00000,0x00000000f2d80000)
 ParOldGen       total 30208K, used 318K [0x00000000d5c00000, 0x00000000d7980000, 0x00000000f1f00000)
  object space 30208K, 1% used [0x00000000d5c00000,0x00000000d5c4f8a0,0x00000000d7980000)
 Metaspace       used 13446K, capacity 13844K, committed 14080K, reserved 1060864K
  class space    used 1595K, capacity 1726K, committed 1792K, reserved 1048576K
Event: 1.365 GC heap after
Heap after GC invocations=2 (full 0):
 PSYoungGen      total 13312K, used 1520K [0x00000000f1f00000, 0x00000000f2d80000, 0x0000000100000000)
  eden space 11776K, 0% used [0x00000000f1f00000,0x00000000f1f00000,0x00000000f2a80000)
  from space 1536K, 98% used [0x00000000f2c00000,0x00000000f2d7c060,0x00000000f2d80000)
  to   space 1536K, 0% used [0x00000000f2a80000,0x00000000f2a80000,0x00000000f2c00000)
 ParOldGen       total 30208K, used 4294K [0x00000000d5c00000, 0x00000000d7980000, 0x00000000f1f00000)
  object space 30208K, 14% used [0x00000000d5c00000,0x00000000d6031a60,0x00000000d7980000)
 Metaspace       used 13446K, capacity 13844K, committed 14080K, reserved 1060864K
  class space    used 1595K, capacity 1726K, committed 1792K, reserved 1048576K
}
Event: 2.272 GC heap before
{Heap before GC invocations=3 (full 0):
 PSYoungGen      total 13312K, used 13296K [0x00000000f1f00000, 0x00000000f2d80000, 0x0000000100000000)
  eden space 11776K, 100% used [0x00000000f1f00000,0x00000000f2a80000,0x00000000f2a80000)
  from space 1536K, 98% used [0x00000000f2c00000,0x00000000f2d7c060,0x00000000f2d80000)
  to   space 1536K, 0% used [0x00000000f2a80000,0x00000000f2a80000,0x00000000f2c00000)
 ParOldGen       total 30208K, used 4294K [0x00000000d5c00000, 0x00000000d7980000, 0x00000000f1f00000)
  object space 30208K, 14% used [0x00000000d5c00000,0x00000000d6031a60,0x00000000d7980000)
 Metaspace       used 16991K, capacity 17572K, committed 17792K, reserved 1064960K
  class space    used 2218K, capacity 2388K, committed 2432K, reserved 1048576K
Event: 2.279 GC heap after
Heap after GC invocations=3 (full 0):
 PSYoungGen      total 13312K, used 1504K [0x00000000f1f00000, 0x00000000f2d80000, 0x0000000100000000)
  eden space 11776K, 0% used [0x00000000f1f00000,0x00000000f1f00000,0x00000000f2a80000)
  from space 1536K, 97% used [0x00000000f2a80000,0x00000000f2bf8030,0x00000000f2c00000)
  to   space 1536K, 0% used [0x00000000f2c00000,0x00000000f2c00000,0x00000000f2d80000)
 ParOldGen       total 30208K, used 6201K [0x00000000d5c00000, 0x00000000d7980000, 0x00000000f1f00000)
  object space 30208K, 20% used [0x00000000d5c00000,0x00000000d620e598,0x00000000d7980000)
 Metaspace       used 16991K, capacity 17572K, committed 17792K, reserved 1064960K
  class space    used 2218K, capacity 2388K, committed 2432K, reserved 1048576K
}
Event: 3.071 GC heap before
{Heap before GC invocations=4 (full 0):
 PSYoungGen      total 13312K, used 13243K [0x00000000f1f00000, 0x00000000f2d80000, 0x0000000100000000)
  eden space 11776K, 99% used [0x00000000f1f00000,0x00000000f2a76dc8,0x00000000f2a80000)
  from space 1536K, 97% used [0x00000000f2a80000,0x00000000f2bf8030,0x00000000f2c00000)
  to   space 1536K, 0% used [0x00000000f2c00000,0x00000000f2c00000,0x00000000f2d80000)
 ParOldGen       total 30208K, used 6201K [0x00000000d5c00000, 0x00000000d7980000, 0x00000000f1f00000)
  object space 30208K, 20% used [0x00000000d5c00000,0x00000000d620e598,0x00000000d7980000)
 Metaspace       used 19076K, capacity 19794K, committed 19968K, reserved 1067008K
  class space    used 2567K, capacity 2735K, committed 2816K, reserved 1048576K
Event: 3.081 GC heap after
Heap after GC invocations=4 (full 0):
 PSYoungGen      total 13312K, used 1504K [0x00000000f1f00000, 0x00000000f2d80000, 0x0000000100000000)
  eden space 11776K, 0% used [0x00000000f1f00000,0x00000000f1f00000,0x00000000f2a80000)
  from space 1536K, 97% used [0x00000000f2c00000,0x00000000f2d78030,0x00000000f2d80000)
  to   space 1536K, 0% used [0x00000000f2a80000,0x00000000f2a80000,0x00000000f2c00000)
 ParOldGen       total 30208K, used 8807K [0x00000000d5c00000, 0x00000000d7980000, 0x00000000f1f00000)
  object space 30208K, 29% used [0x00000000d5c00000,0x00000000d6499ed8,0x00000000d7980000)
 Metaspace       used 19076K, capacity 19794K, committed 19968K, reserved 1067008K
  class space    used 2567K, capacity 2735K, committed 2816K, reserved 1048576K
}
Event: 3.575 GC heap before
{Heap before GC invocations=5 (full 0):
 PSYoungGen      total 13312K, used 13280K [0x00000000f1f00000, 0x00000000f2d80000, 0x0000000100000000)
  eden space 11776K, 100% used [0x00000000f1f00000,0x00000000f2a80000,0x00000000f2a80000)
  from space 1536K, 97% used [0x00000000f2c00000,0x00000000f2d78030,0x00000000f2d80000)
  to   space 1536K, 0% used [0x00000000f2a80000,0x00000000f2a80000,0x00000000f2c00000)
 ParOldGen       total 30208K, used 8807K [0x00000000d5c00000, 0x00000000d7980000, 0x00000000f1f00000)
  object space 30208K, 29% used [0x00000000d5c00000,0x00000000d6499ed8,0x00000000d7980000)
 Metaspace       used 19523K, capacity 20424K, committed 20608K, reserved 1067008K
  class space    used 2641K, capacity 2848K, committed 2944K, reserved 1048576K
Event: 3.583 GC heap after
Heap after GC invocations=5 (full 0):
 PSYoungGen      total 13312K, used 1504K [0x00000000f1f00000, 0x00000000f2d80000, 0x0000000100000000)
  eden space 11776K, 0% used [0x00000000f1f00000,0x00000000f1f00000,0x00000000f2a80000)
  from space 1536K, 97% used [0x00000000f2a80000,0x00000000f2bf8040,0x00000000f2c00000)
  to   space 1536K, 0% used [0x00000000f2c00000,0x00000000f2c00000,0x00000000f2d80000)
 ParOldGen       total 30208K, used 17681K [0x00000000d5c00000, 0x00000000d7980000, 0x00000000f1f00000)
  object space 30208K, 58% used [0x00000000d5c00000,0x00000000d6d44758,0x00000000d7980000)
 Metaspace       used 19523K, capacity 20424K, committed 20608K, reserved 1067008K
  class space    used 2641K, capacity 2848K, committed 2944K, reserved 1048576K
}

Deoptimization events (10 events):
Event: 2.657 Thread 0x00000000163e2000 Uncommon trap: reason=unstable_if action=reinterpret pc=0x000000000308e8f0 method=java.util.HashMap.hash(Ljava/lang/Object;)I @ 1
Event: 3.006 Thread 0x00000000163e2000 Uncommon trap: reason=unstable_if action=reinterpret pc=0x00000000032b3ba8 method=com.sun.org.apache.xerces.internal.impl.XMLEntityScanner.skipSpaces()Z @ 62
Event: 3.672 Thread 0x00000000163e2000 Uncommon trap: reason=unstable_if action=reinterpret pc=0x0000000003218cec method=java.lang.ClassLoader.checkName(Ljava/lang/String;)Z @ 20
Event: 3.683 Thread 0x00000000163e2000 Uncommon trap: reason=array_check action=maybe_recompile pc=0x000000000340cf0c method=com.sun.javafx.css.SimpleSelector.applies(Ljavafx/css/Styleable;[Ljava/util/Set;I)Z @ 37
Event: 3.684 Thread 0x00000000163e2000 Uncommon trap: reason=array_check action=maybe_recompile pc=0x000000000340cf0c method=com.sun.javafx.css.SimpleSelector.applies(Ljavafx/css/Styleable;[Ljava/util/Set;I)Z @ 37
Event: 3.684 Thread 0x00000000163e2000 Uncommon trap: reason=array_check action=maybe_recompile pc=0x000000000340cf0c method=com.sun.javafx.css.SimpleSelector.applies(Ljavafx/css/Styleable;[Ljava/util/Set;I)Z @ 37
Event: 3.684 Thread 0x00000000163e2000 Uncommon trap: reason=array_check action=maybe_recompile pc=0x000000000340cf0c method=com.sun.javafx.css.SimpleSelector.applies(Ljavafx/css/Styleable;[Ljava/util/Set;I)Z @ 37
Event: 3.684 Thread 0x00000000163e2000 Uncommon trap: reason=unstable_if action=reinterpret pc=0x000000000340be98 method=com.sun.javafx.css.SimpleSelector.applies(Ljavafx/css/Styleable;)Z @ 7
Event: 3.743 Thread 0x00000000163e2000 Uncommon trap: reason=unstable_if action=reinterpret pc=0x00000000033e9504 method=com.sun.javafx.css.BitSet.add(Ljava/lang/Object;)Z @ 91
Event: 3.744 Thread 0x00000000163e2000 Uncommon trap: reason=unstable_if action=reinterpret pc=0x0000000003420da4 method=com.sun.javafx.css.BitSet.add(Ljava/lang/Object;)Z @ 91

Internal exceptions (10 events):
Event: 0.638 Thread 0x00000000163e2000 Implicit null exception at 0x0000000002f8d2d6 to 0x0000000002f8d5fd
Event: 1.171 Thread 0x00000000163e2000 Exception <a 'java/lang/NullPointerException'> (0x00000000f2658d28) thrown at [C:\workspace\8-2-build-windows-amd64-cygwin\jdk8u65\4987\hotspot\src\share\vm\interpreter\linkResolver.cpp, line 1178]
Event: 1.171 Thread 0x00000000163e2000 Exception <a 'java/lang/NullPointerException'> (0x00000000f2658d28) thrown at [C:\workspace\8-2-build-windows-amd64-cygwin\jdk8u65\4987\hotspot\src\share\vm\prims\jvm.cpp, line 1390]
Event: 1.477 Thread 0x00000000163e2000 Exception <a 'java/lang/ArrayIndexOutOfBoundsException'> (0x00000000f2017198) thrown at [C:\workspace\8-2-build-windows-amd64-cygwin\jdk8u65\4987\hotspot\src\share\vm\runtime\sharedRuntime.cpp, line 605]
Event: 1.479 Thread 0x00000000163e2000 Exception <a 'java/lang/ArrayIndexOutOfBoundsException'> (0x00000000f2017eb8) thrown at [C:\workspace\8-2-build-windows-amd64-cygwin\jdk8u65\4987\hotspot\src\share\vm\runtime\sharedRuntime.cpp, line 605]
Event: 1.479 Thread 0x00000000163e2000 Exception <a 'java/lang/ArrayIndexOutOfBoundsException'> (0x00000000f2019260) thrown at [C:\workspace\8-2-build-windows-amd64-cygwin\jdk8u65\4987\hotspot\src\share\vm\runtime\sharedRuntime.cpp, line 605]
Event: 1.615 Thread 0x00000000163e2000 Exception <a 'java/lang/ArrayIndexOutOfBoundsException': 57> (0x00000000f22470d0) thrown at [C:\workspace\8-2-build-windows-amd64-cygwin\jdk8u65\4987\hotspot\src\share\vm\interpreter\interpreterRuntime.cpp, line 366]
Event: 1.615 Thread 0x00000000163e2000 Exception <a 'java/lang/ArrayIndexOutOfBoundsException': 57> (0x00000000f2248548) thrown at [C:\workspace\8-2-build-windows-amd64-cygwin\jdk8u65\4987\hotspot\src\share\vm\interpreter\interpreterRuntime.cpp, line 366]
Event: 2.656 Thread 0x00000000163e2000 Implicit null exception at 0x00000000030a0bf5 to 0x00000000030a0e05
Event: 2.657 Thread 0x00000000163e2000 Implicit null exception at 0x000000000308e858 to 0x000000000308e8e6

Events (10 events):
Event: 3.988 loading class com/sun/javafx/sg/prism/NodeEffectInput
Event: 3.988 loading class com/sun/javafx/sg/prism/NodeEffectInput done
Event: 3.989 loading class com/sun/scenario/effect/Blend
Event: 3.989 loading class com/sun/scenario/effect/Blend done
Event: 3.989 loading class com/sun/scenario/effect/CoreEffect
Event: 3.989 loading class com/sun/scenario/effect/CoreEffect done
Event: 3.989 loading class com/sun/scenario/effect/FilterEffect
Event: 3.989 loading class com/sun/scenario/effect/FilterEffect done
Event: 3.990 loading class com/sun/javafx/sg/prism/NGNode$PassThrough
Event: 3.990 loading class com/sun/javafx/sg/prism/NGNode$PassThrough done


Dynamic libraries:
0x00007ff6e6d10000 - 0x00007ff6e6d47000 	C:\Program Files\Java\jdk1.8.0_65\jre\bin\java.exe
0x00007ff994610000 - 0x00007ff9947d2000 	C:\WINDOWS\SYSTEM32\ntdll.dll
0x00007ff993d40000 - 0x00007ff993ded000 	C:\WINDOWS\system32\KERNEL32.DLL
0x00007ff991700000 - 0x00007ff9918dd000 	C:\WINDOWS\system32\KERNELBASE.dll
0x00007ff992270000 - 0x00007ff992316000 	C:\WINDOWS\system32\ADVAPI32.dll
0x00007ff993c80000 - 0x00007ff993d1d000 	C:\WINDOWS\system32\msvcrt.dll
0x00007ff992380000 - 0x00007ff9923db000 	C:\WINDOWS\system32\sechost.dll
0x00007ff992060000 - 0x00007ff992186000 	C:\WINDOWS\system32\RPCRT4.dll
0x00007ff993df0000 - 0x00007ff993f3e000 	C:\WINDOWS\system32\USER32.dll
0x00007ff993fb0000 - 0x00007ff994133000 	C:\WINDOWS\system32\GDI32.dll
0x00007ff988780000 - 0x00007ff9889f4000 	C:\WINDOWS\WinSxS\amd64_microsoft.windows.common-controls_6595b64144ccf1df_6.0.10240.17184_none_f41d7a705752bce6\COMCTL32.dll
0x00007ff992230000 - 0x00007ff992266000 	C:\WINDOWS\system32\IMM32.DLL
0x00007ff993b20000 - 0x00007ff993c7c000 	C:\WINDOWS\system32\MSCTF.dll
0x0000000059aa0000 - 0x0000000059b72000 	C:\Program Files\Java\jdk1.8.0_65\jre\bin\msvcr100.dll
0x0000000059b80000 - 0x000000005a409000 	C:\Program Files\Java\jdk1.8.0_65\jre\bin\server\jvm.dll
0x00007ff993d20000 - 0x00007ff993d28000 	C:\WINDOWS\system32\PSAPI.DLL
0x00007ff98ed30000 - 0x00007ff98ed53000 	C:\WINDOWS\SYSTEM32\WINMM.dll
0x00007ff988050000 - 0x00007ff98805a000 	C:\WINDOWS\SYSTEM32\VERSION.dll
0x00000000010f0000 - 0x000000000111c000 	C:\WINDOWS\SYSTEM32\WINMMBASE.dll
0x00007ff9919a0000 - 0x00007ff9919e4000 	C:\WINDOWS\system32\cfgmgr32.dll
0x00007ff98c6b0000 - 0x00007ff98c6b9000 	C:\WINDOWS\SYSTEM32\WSOCK32.dll
0x00007ff993f40000 - 0x00007ff993fa9000 	C:\WINDOWS\system32\WS2_32.dll
0x00007ff992220000 - 0x00007ff992228000 	C:\WINDOWS\system32\NSI.dll
0x00007ff990d60000 - 0x00007ff990d87000 	C:\WINDOWS\SYSTEM32\DEVOBJ.dll
0x0000000059a50000 - 0x0000000059a5f000 	C:\Program Files\Java\jdk1.8.0_65\jre\bin\verify.dll
0x0000000059a20000 - 0x0000000059a49000 	C:\Program Files\Java\jdk1.8.0_65\jre\bin\java.dll
0x0000000059a00000 - 0x0000000059a16000 	C:\Program Files\Java\jdk1.8.0_65\jre\bin\zip.dll
0x00007ff992440000 - 0x00007ff993963000 	C:\WINDOWS\system32\SHELL32.dll
0x00007ff9910d0000 - 0x00007ff9916f9000 	C:\WINDOWS\system32\windows.storage.dll
0x00007ff991d30000 - 0x00007ff991fac000 	C:\WINDOWS\system32\combase.dll
0x00007ff992320000 - 0x00007ff992371000 	C:\WINDOWS\system32\shlwapi.dll
0x00007ff991070000 - 0x00007ff99107f000 	C:\WINDOWS\system32\kernel.appcore.dll
0x00007ff9918e0000 - 0x00007ff991993000 	C:\WINDOWS\system32\shcore.dll
0x00007ff991080000 - 0x00007ff9910ca000 	C:\WINDOWS\system32\powrprof.dll
0x00007ff991050000 - 0x00007ff991063000 	C:\WINDOWS\system32\profapi.dll
0x00007ff969d00000 - 0x00007ff969def000 	C:\Program Files\Java\jdk1.8.0_65\jre\bin\msvcr120.dll
0x00007ff969c50000 - 0x00007ff969cf6000 	C:\Program Files\Java\jdk1.8.0_65\jre\bin\msvcp120.dll
0x00000000596c0000 - 0x00000000596e3000 	C:\Program Files\Java\jdk1.8.0_65\jre\bin\prism_d3d.dll
0x00007ff9638f0000 - 0x00007ff963b00000 	C:\WINDOWS\system32\d3d9.dll
0x00007ff98ec50000 - 0x00007ff98ec72000 	C:\WINDOWS\SYSTEM32\dwmapi.dll
0x00007ff98f600000 - 0x00007ff98f696000 	C:\WINDOWS\system32\uxtheme.dll
0x00007ff95b470000 - 0x00007ff95bede000 	C:\WINDOWS\SYSTEM32\igdumdim64.dll
0x00007ff98dce0000 - 0x00007ff98e144000 	C:\WINDOWS\SYSTEM32\igdusc64.dll
0x00000000592c0000 - 0x0000000059303000 	C:\Program Files\Java\jdk1.8.0_65\jre\bin\glass.dll
0x00007ff993970000 - 0x00007ff993a47000 	C:\WINDOWS\system32\COMDLG32.dll
0x00007ff9944c0000 - 0x00007ff994601000 	C:\WINDOWS\system32\ole32.dll
0x00007ff993a50000 - 0x00007ff993b12000 	C:\WINDOWS\system32\OLEAUT32.dll
0x00007ff990de0000 - 0x00007ff990e4b000 	C:\WINDOWS\SYSTEM32\bcryptPrimitives.dll
0x00000000599e0000 - 0x00000000599fa000 	C:\Program Files\Java\jdk1.8.0_65\jre\bin\net.dll
0x00007ff990520000 - 0x00007ff99057d000 	C:\WINDOWS\system32\mswsock.dll
0x00007ff9902e0000 - 0x00007ff990388000 	C:\WINDOWS\SYSTEM32\DNSAPI.dll
0x00007ff986950000 - 0x00007ff98695a000 	C:\Windows\System32\rasadhlp.dll
0x00007ff98b5c0000 - 0x00007ff98b628000 	C:\WINDOWS\System32\fwpuclnt.dll
0x00007ff990f60000 - 0x00007ff990f88000 	C:\WINDOWS\SYSTEM32\bcrypt.dll
0x00000000592a0000 - 0x00000000592b4000 	C:\Program Files\Java\jdk1.8.0_65\jre\bin\javafx_font.dll
0x00007ff9869d0000 - 0x00007ff986c27000 	C:\WINDOWS\SYSTEM32\dwrite.dll
0x00007ff990580000 - 0x00007ff990597000 	C:\WINDOWS\SYSTEM32\CRYPTSP.dll
0x00007ff9901a0000 - 0x00007ff9901d3000 	C:\WINDOWS\system32\rsaenh.dll
0x00007ff9905b0000 - 0x00007ff9905cf000 	C:\WINDOWS\SYSTEM32\USERENV.dll
0x00007ff990d90000 - 0x00007ff990d9b000 	C:\WINDOWS\SYSTEM32\CRYPTBASE.dll
0x00007ff98dc50000 - 0x00007ff98dc88000 	C:\WINDOWS\SYSTEM32\IPHLPAPI.DLL
0x00007ff98dc00000 - 0x00007ff98dc0b000 	C:\WINDOWS\SYSTEM32\WINNSI.DLL
0x00007ff98b500000 - 0x00007ff98b516000 	C:\WINDOWS\SYSTEM32\dhcpcsvc6.DLL
0x00007ff98b4d0000 - 0x00007ff98b4ea000 	C:\WINDOWS\SYSTEM32\dhcpcsvc.DLL
0x00000000599c0000 - 0x00000000599d1000 	C:\Program Files\Java\jdk1.8.0_65\jre\bin\nio.dll
0x00007ff991fb0000 - 0x00007ff992055000 	C:\WINDOWS\system32\clbcatq.dll
0x00007ff98c810000 - 0x00007ff98c9c2000 	C:\WINDOWS\SYSTEM32\WindowsCodecs.dll
0x00007ff9680e0000 - 0x00007ff968126000 	C:\WINDOWS\system32\dataexchange.dll
0x00007ff989500000 - 0x00007ff989a45000 	C:\WINDOWS\system32\d2d1.dll
0x00007ff98e940000 - 0x00007ff98ebe3000 	C:\WINDOWS\system32\d3d11.dll
0x00007ff98f120000 - 0x00007ff98f1f1000 	C:\WINDOWS\system32\dcomp.dll
0x00007ff98e830000 - 0x00007ff98e8cc000 	C:\WINDOWS\system32\dxgi.dll
0x00007ff98f6c0000 - 0x00007ff98f7ae000 	C:\WINDOWS\system32\twinapi.appcore.dll
0x00007ff990a70000 - 0x00007ff990aa4000 	C:\Program Files\Common Files\Microsoft Shared\Ink\rtscom.dll

VM Arguments:
jvm_args: -Dfile.encoding=UTF-8 
java_command: E:\BCS\Project Pharmacy Management System\PMSystem\dist\run1215301738\PMSystem.jar
java_class_path (initial): E:\BCS\Project Pharmacy Management System\PMSystem\dist\run1215301738\PMSystem.jar
Launcher Type: SUN_STANDARD

Environment Variables:
PATH=C:\sqlite;C:\Users\Rasookhan\AppData\Roaming\npm;C:\Users\Rasookhan\AppData\Local\Programs\Microsoft VS Code\bin
USERNAME=Rasookhan
OS=Windows_NT
PROCESSOR_IDENTIFIER=Intel64 Family 6 Model 58 Stepping 9, GenuineIntel



---------------  S Y S T E M  ---------------

OS: Windows 10.0 , 64 bit Build 10240 (10.0.10240.17113)

CPU:total 4 (2 cores per cpu, 2 threads per core) family 6 model 58 stepping 9, cmov, cx8, fxsr, mmx, sse, sse2, sse3, ssse3, sse4.1, sse4.2, popcnt, avx, clmul, erms, ht, tsc, tscinvbit, tscinv

Memory: 4k page, physical 2766184k(200140k free), swap 5318708k(5616k free)

vm_info: Java HotSpot(TM) 64-Bit Server VM (25.65-b01) for windows-amd64 JRE (1.8.0_65-b17), built on Oct  6 2015 16:39:20 by "java_re" with MS VC++ 10.0 (VS2010)

time: Sat Dec 03 12:55:20 2022
elapsed time: 3 seconds (0d 0h 0m 3s)

