#
# There is insufficient memory for the Java Runtime Environment to continue.
# Native memory allocation (malloc) failed to allocate 442080 bytes for Chunk::new
# Possible reasons:
#   The system is out of physical RAM or swap space
#   In 32 bit mode, the process size limit was hit
# Possible solutions:
#   Reduce memory load on the system
#   Increase physical memory or swap space
#   Check if swap backing store is full
#   Use 64 bit Java on a 64 bit OS
#   Decrease Java heap size (-Xmx/-Xms)
#   Decrease number of Java threads
#   Decrease Java thread stack sizes (-Xss)
#   Set larger code cache with -XX:ReservedCodeCacheSize=
# This output file may be truncated or incomplete.
#
#  Out of Memory Error (allocation.cpp:390), pid=5864, tid=1152
#
# JRE version: Java(TM) SE Runtime Environment (8.0_65-b17) (build 1.8.0_65-b17)
# Java VM: Java HotSpot(TM) 64-Bit Server VM (25.65-b01 mixed mode windows-amd64 compressed oops)
# Failed to write core dump. Minidumps are not enabled by default on client versions of Windows
#

---------------  T H R E A D  ---------------

Current thread (0x0000000013c2e800):  JavaThread "C2 CompilerThread1" daemon [_thread_in_native, id=1152, stack(0x0000000015360000,0x0000000015460000)]

Stack: [0x0000000015360000,0x0000000015460000]
[error occurred during error reporting (printing stack bounds), id 0xc0000005]

Native frames: (J=compiled Java code, j=interpreted, Vv=VM code, C=native code)


Current CompileTask:
C2:  31500 2156 %     4       com.sun.javafx.css.SelectorPartitioning::match @ 548 (700 bytes)


---------------  P R O C E S S  ---------------

Java Threads: ( => current thread )
  0x00000000185d9800 JavaThread "Prism Font Disposer" daemon [_thread_blocked, id=1008, stack(0x000000001a800000,0x000000001a900000)]
  0x000000001563f000 JavaThread "Abandoned connection cleanup thread" daemon [_thread_blocked, id=2944, stack(0x0000000018840000,0x0000000018940000)]
  0x0000000015660800 JavaThread "Thread-3" daemon [_thread_in_native, id=7344, stack(0x0000000017e40000,0x0000000017f40000)]
  0x00000000156df000 JavaThread "JavaFX-Launcher" [_thread_blocked, id=7316, stack(0x0000000017f40000,0x0000000018040000)]
  0x0000000013c58800 JavaThread "JavaFX Application Thread" [_thread_in_native, id=8160, stack(0x00000000161a0000,0x00000000162a0000)]
  0x0000000015874800 JavaThread "Thread-1" daemon [_thread_blocked, id=6484, stack(0x00000000160a0000,0x00000000161a0000)]
  0x0000000015904000 JavaThread "QuantumRenderer-0" daemon [_thread_blocked, id=7184, stack(0x0000000015b60000,0x0000000015c60000)]
  0x0000000015580800 JavaThread "Service Thread" daemon [_thread_blocked, id=3892, stack(0x0000000015960000,0x0000000015a60000)]
  0x0000000013c34800 JavaThread "C1 CompilerThread2" daemon [_thread_blocked, id=2768, stack(0x0000000015460000,0x0000000015560000)]
=>0x0000000013c2e800 JavaThread "C2 CompilerThread1" daemon [_thread_in_native, id=1152, stack(0x0000000015360000,0x0000000015460000)]
  0x0000000013c2b800 JavaThread "C2 CompilerThread0" daemon [_thread_blocked, id=1084, stack(0x0000000015260000,0x0000000015360000)]
  0x0000000013c2a000 JavaThread "Attach Listener" daemon [_thread_blocked, id=1104, stack(0x0000000015160000,0x0000000015260000)]
  0x0000000013c29000 JavaThread "Signal Dispatcher" daemon [_thread_blocked, id=6056, stack(0x0000000015060000,0x0000000015160000)]
  0x00000000021f6800 JavaThread "Finalizer" daemon [_thread_blocked, id=1740, stack(0x0000000014e80000,0x0000000014f80000)]
  0x0000000013bf8800 JavaThread "Reference Handler" daemon [_thread_blocked, id=4396, stack(0x0000000014d80000,0x0000000014e80000)]
  0x0000000002101000 JavaThread "main" [_thread_blocked, id=7500, stack(0x0000000001fd0000,0x00000000020d0000)]

Other Threads:
  0x0000000013bf7000 VMThread [stack: 0x0000000014c80000,0x0000000014d80000] [id=5768]
  0x00000000155aa000 WatcherThread [stack: 0x0000000015a60000,0x0000000015b60000] [id=1136]

VM state:not at safepoint (normal execution)

VM Mutex/Monitor currently owned by a thread: None

Heap:
 PSYoungGen      total 33280K, used 4940K [0x00000000f1f00000, 0x00000000f4900000, 0x0000000100000000)
  eden space 23552K, 20% used [0x00000000f1f00000,0x00000000f23d32c8,0x00000000f3600000)
  from space 9728K, 0% used [0x00000000f3f80000,0x00000000f3f80000,0x00000000f4900000)
  to   space 9728K, 0% used [0x00000000f3600000,0x00000000f3600000,0x00000000f3f80000)
 ParOldGen       total 36352K, used 15386K [0x00000000d5c00000, 0x00000000d7f80000, 0x00000000f1f00000)
  object space 36352K, 42% used [0x00000000d5c00000,0x00000000d6b06b18,0x00000000d7f80000)
 Metaspace       used 21324K, capacity 22338K, committed 22528K, reserved 1069056K
  class space    used 2996K, capacity 3233K, committed 3328K, reserved 1048576K

Card table byte_map: [0x00000000115c0000,0x0000000011720000] byte_map_base: 0x0000000010f12000

Marking Bits: (ParMarkBitMap*) 0x0000000073b2a5b0
 Begin Bits: [0x0000000011c10000, 0x00000000126a0000)
 End Bits:   [0x00000000126a0000, 0x0000000013130000)

Polling page: 0x00000000007d0000

CodeCache: size=245760Kb used=7610Kb max_used=7610Kb free=238149Kb
 bounds [0x0000000002200000, 0x0000000002980000, 0x0000000011200000]
 total_blobs=2820 nmethods=2146 adapters=586
 compilation: enabled

Compilation events (10 events):
Event: 31.318 Thread 0x0000000013c34800 2175       1       com.sun.javafx.geom.transform.BaseTransform::getMxy (2 bytes)
Event: 31.318 Thread 0x0000000013c34800 nmethod 2175 0x000000000296ff10 code [0x0000000002970060, 0x0000000002970170]
Event: 31.318 Thread 0x0000000013c34800 2176       1       com.sun.javafx.geom.transform.BaseTransform::getMyx (2 bytes)
Event: 31.318 Thread 0x0000000013c34800 nmethod 2176 0x000000000296fc50 code [0x000000000296fda0, 0x000000000296feb0]
Event: 31.318 Thread 0x0000000013c34800 2177       1       com.sun.javafx.geom.transform.BaseTransform::getMyy (2 bytes)
Event: 31.318 Thread 0x0000000013c34800 nmethod 2177 0x0000000002973350 code [0x00000000029734c0, 0x00000000029735d0]
Event: 31.318 Thread 0x0000000013c34800 2179       3       com.sun.javafx.geom.RectBounds::makeEmpty (23 bytes)
Event: 31.318 Thread 0x0000000013c34800 nmethod 2179 0x0000000002973650 code [0x00000000029737a0, 0x0000000002973910]
Event: 31.318 Thread 0x0000000013c34800 2178       1       javafx.scene.text.Font::impl_getNativeFont (5 bytes)
Event: 31.319 Thread 0x0000000013c34800 nmethod 2178 0x0000000002973990 code [0x0000000002973ae0, 0x0000000002973bf0]

GC Heap History (10 events):
Event: 24.152 GC heap before
{Heap before GC invocations=3 (full 0):
 PSYoungGen      total 13312K, used 13296K [0x00000000f1f00000, 0x00000000f2d80000, 0x0000000100000000)
  eden space 11776K, 100% used [0x00000000f1f00000,0x00000000f2a80000,0x00000000f2a80000)
  from space 1536K, 98% used [0x00000000f2c00000,0x00000000f2d7c060,0x00000000f2d80000)
  to   space 1536K, 0% used [0x00000000f2a80000,0x00000000f2a80000,0x00000000f2c00000)
 ParOldGen       total 30208K, used 4335K [0x00000000d5c00000, 0x00000000d7980000, 0x00000000f1f00000)
  object space 30208K, 14% used [0x00000000d5c00000,0x00000000d603bc58,0x00000000d7980000)
 Metaspace       used 17002K, capacity 17556K, committed 17792K, reserved 1064960K
  class space    used 2217K, capacity 2388K, committed 2432K, reserved 1048576K
Event: 24.160 GC heap after
Heap after GC invocations=3 (full 0):
 PSYoungGen      total 13312K, used 1520K [0x00000000f1f00000, 0x00000000f2d80000, 0x0000000100000000)
  eden space 11776K, 0% used [0x00000000f1f00000,0x00000000f1f00000,0x00000000f2a80000)
  from space 1536K, 98% used [0x00000000f2a80000,0x00000000f2bfc050,0x00000000f2c00000)
  to   space 1536K, 0% used [0x00000000f2c00000,0x00000000f2c00000,0x00000000f2d80000)
 ParOldGen       total 30208K, used 6229K [0x00000000d5c00000, 0x00000000d7980000, 0x00000000f1f00000)
  object space 30208K, 20% used [0x00000000d5c00000,0x00000000d6215740,0x00000000d7980000)
 Metaspace       used 17002K, capacity 17556K, committed 17792K, reserved 1064960K
  class space    used 2217K, capacity 2388K, committed 2432K, reserved 1048576K
}
Event: 30.022 GC heap before
{Heap before GC invocations=4 (full 0):
 PSYoungGen      total 13312K, used 13292K [0x00000000f1f00000, 0x00000000f2d80000, 0x0000000100000000)
  eden space 11776K, 99% used [0x00000000f1f00000,0x00000000f2a7f010,0x00000000f2a80000)
  from space 1536K, 98% used [0x00000000f2a80000,0x00000000f2bfc050,0x00000000f2c00000)
  to   space 1536K, 0% used [0x00000000f2c00000,0x00000000f2c00000,0x00000000f2d80000)
 ParOldGen       total 30208K, used 6229K [0x00000000d5c00000, 0x00000000d7980000, 0x00000000f1f00000)
  object space 30208K, 20% used [0x00000000d5c00000,0x00000000d6215740,0x00000000d7980000)
 Metaspace       used 19053K, capacity 19774K, committed 19968K, reserved 1067008K
  class space    used 2565K, capacity 2735K, committed 2816K, reserved 1048576K
Event: 30.031 GC heap after
Heap after GC invocations=4 (full 0):
 PSYoungGen      total 13312K, used 1526K [0x00000000f1f00000, 0x00000000f2d80000, 0x0000000100000000)
  eden space 11776K, 0% used [0x00000000f1f00000,0x00000000f1f00000,0x00000000f2a80000)
  from space 1536K, 99% used [0x00000000f2c00000,0x00000000f2d7db08,0x00000000f2d80000)
  to   space 1536K, 0% used [0x00000000f2a80000,0x00000000f2a80000,0x00000000f2c00000)
 ParOldGen       total 30208K, used 8819K [0x00000000d5c00000, 0x00000000d7980000, 0x00000000f1f00000)
  object space 30208K, 29% used [0x00000000d5c00000,0x00000000d649cde8,0x00000000d7980000)
 Metaspace       used 19053K, capacity 19774K, committed 19968K, reserved 1067008K
  class space    used 2565K, capacity 2735K, committed 2816K, reserved 1048576K
}
Event: 30.266 GC heap before
{Heap before GC invocations=5 (full 0):
 PSYoungGen      total 13312K, used 13302K [0x00000000f1f00000, 0x00000000f2d80000, 0x0000000100000000)
  eden space 11776K, 100% used [0x00000000f1f00000,0x00000000f2a80000,0x00000000f2a80000)
  from space 1536K, 99% used [0x00000000f2c00000,0x00000000f2d7db08,0x00000000f2d80000)
  to   space 1536K, 0% used [0x00000000f2a80000,0x00000000f2a80000,0x00000000f2c00000)
 ParOldGen       total 30208K, used 8819K [0x00000000d5c00000, 0x00000000d7980000, 0x00000000f1f00000)
  object space 30208K, 29% used [0x00000000d5c00000,0x00000000d649cde8,0x00000000d7980000)
 Metaspace       used 19489K, capacity 20328K, committed 20608K, reserved 1067008K
  class space    used 2639K, capacity 2846K, committed 2944K, reserved 1048576K
Event: 30.276 GC heap after
Heap after GC invocations=5 (full 0):
 PSYoungGen      total 13312K, used 1531K [0x00000000f1f00000, 0x00000000f4900000, 0x0000000100000000)
  eden space 11776K, 0% used [0x00000000f1f00000,0x00000000f1f00000,0x00000000f2a80000)
  from space 1536K, 99% used [0x00000000f2a80000,0x00000000f2bfec80,0x00000000f2c00000)
  to   space 9728K, 0% used [0x00000000f3f80000,0x00000000f3f80000,0x00000000f4900000)
 ParOldGen       total 30208K, used 17673K [0x00000000d5c00000, 0x00000000d7980000, 0x00000000f1f00000)
  object space 30208K, 58% used [0x00000000d5c00000,0x00000000d6d42500,0x00000000d7980000)
 Metaspace       used 19489K, capacity 20328K, committed 20608K, reserved 1067008K
  class space    used 2639K, capacity 2846K, committed 2944K, reserved 1048576K
}
Event: 30.855 GC heap before
{Heap before GC invocations=6 (full 0):
 PSYoungGen      total 13312K, used 9958K [0x00000000f1f00000, 0x00000000f4900000, 0x0000000100000000)
  eden space 11776K, 71% used [0x00000000f1f00000,0x00000000f273ad60,0x00000000f2a80000)
  from space 1536K, 99% used [0x00000000f2a80000,0x00000000f2bfec80,0x00000000f2c00000)
  to   space 9728K, 0% used [0x00000000f3f80000,0x00000000f3f80000,0x00000000f4900000)
 ParOldGen       total 30208K, used 17673K [0x00000000d5c00000, 0x00000000d7980000, 0x00000000f1f00000)
  object space 30208K, 58% used [0x00000000d5c00000,0x00000000d6d42500,0x00000000d7980000)
 Metaspace       used 20263K, capacity 21124K, committed 21248K, reserved 1067008K
  class space    used 2740K, capacity 2956K, committed 3072K, reserved 1048576K
Event: 30.863 GC heap after
Heap after GC invocations=6 (full 0):
 PSYoungGen      total 33280K, used 2075K [0x00000000f1f00000, 0x00000000f4900000, 0x0000000100000000)
  eden space 23552K, 0% used [0x00000000f1f00000,0x00000000f1f00000,0x00000000f3600000)
  from space 9728K, 21% used [0x00000000f3f80000,0x00000000f4186c80,0x00000000f4900000)
  to   space 9728K, 0% used [0x00000000f3600000,0x00000000f3600000,0x00000000f3f80000)
 ParOldGen       total 30208K, used 17673K [0x00000000d5c00000, 0x00000000d7980000, 0x00000000f1f00000)
  object space 30208K, 58% used [0x00000000d5c00000,0x00000000d6d42500,0x00000000d7980000)
 Metaspace       used 20263K, capacity 21124K, committed 21248K, reserved 1067008K
  class space    used 2740K, capacity 2956K, committed 3072K, reserved 1048576K
}
Event: 30.863 GC heap before
{Heap before GC invocations=7 (full 1):
 PSYoungGen      total 33280K, used 2075K [0x00000000f1f00000, 0x00000000f4900000, 0x0000000100000000)
  eden space 23552K, 0% used [0x00000000f1f00000,0x00000000f1f00000,0x00000000f3600000)
  from space 9728K, 21% used [0x00000000f3f80000,0x00000000f4186c80,0x00000000f4900000)
  to   space 9728K, 0% used [0x00000000f3600000,0x00000000f3600000,0x00000000f3f80000)
 ParOldGen       total 30208K, used 17673K [0x00000000d5c00000, 0x00000000d7980000, 0x00000000f1f00000)
  object space 30208K, 58% used [0x00000000d5c00000,0x00000000d6d42500,0x00000000d7980000)
 Metaspace       used 20263K, capacity 21124K, committed 21248K, reserved 1067008K
  class space    used 2740K, capacity 2956K, committed 3072K, reserved 1048576K
Event: 30.910 GC heap after
Heap after GC invocations=7 (full 1):
 PSYoungGen      total 33280K, used 0K [0x00000000f1f00000, 0x00000000f4900000, 0x0000000100000000)
  eden space 23552K, 0% used [0x00000000f1f00000,0x00000000f1f00000,0x00000000f3600000)
  from space 9728K, 0% used [0x00000000f3f80000,0x00000000f3f80000,0x00000000f4900000)
  to   space 9728K, 0% used [0x00000000f3600000,0x00000000f3600000,0x00000000f3f80000)
 ParOldGen       total 36352K, used 15386K [0x00000000d5c00000, 0x00000000d7f80000, 0x00000000f1f00000)
  object space 36352K, 42% used [0x00000000d5c00000,0x00000000d6b06b18,0x00000000d7f80000)
 Metaspace       used 20263K, capacity 21124K, committed 21248K, reserved 1067008K
  class space    used 2740K, capacity 2956K, committed 3072K, reserved 1048576K
}

Deoptimization events (10 events):
Event: 30.983 Thread 0x0000000013c58800 Uncommon trap: reason=speculate_class_check action=maybe_recompile pc=0x0000000002841820 method=com.sun.javafx.css.BitSet.containsAll(Ljava/util/Collection;)Z @ 18
Event: 30.983 Thread 0x0000000013c58800 Uncommon trap: reason=speculate_class_check action=maybe_recompile pc=0x0000000002841820 method=com.sun.javafx.css.BitSet.containsAll(Ljava/util/Collection;)Z @ 18
Event: 30.983 Thread 0x0000000013c58800 Uncommon trap: reason=bimorphic action=maybe_recompile pc=0x000000000283bd78 method=java.util.Collections$UnmodifiableList.get(I)Ljava/lang/Object; @ 5
Event: 30.983 Thread 0x0000000013c58800 Uncommon trap: reason=bimorphic action=maybe_recompile pc=0x000000000283bd78 method=java.util.Collections$UnmodifiableList.get(I)Ljava/lang/Object; @ 5
Event: 30.983 Thread 0x0000000013c58800 Uncommon trap: reason=bimorphic action=maybe_recompile pc=0x000000000283bd78 method=java.util.Collections$UnmodifiableList.get(I)Ljava/lang/Object; @ 5
Event: 30.984 Thread 0x0000000013c58800 Uncommon trap: reason=class_check action=maybe_recompile pc=0x000000000231fe70 method=java.lang.String.equals(Ljava/lang/Object;)Z @ 8
Event: 31.047 Thread 0x0000000013c58800 Uncommon trap: reason=class_check action=maybe_recompile pc=0x00000000028a94cc method=javafx.beans.property.ObjectPropertyBase.get()Ljava/lang/Object; @ 23
Event: 31.047 Thread 0x0000000013c58800 Uncommon trap: reason=class_check action=maybe_recompile pc=0x00000000028a94cc method=javafx.beans.property.ObjectPropertyBase.get()Ljava/lang/Object; @ 23
Event: 31.047 Thread 0x0000000013c58800 Uncommon trap: reason=class_check action=maybe_recompile pc=0x00000000028a94cc method=javafx.beans.property.ObjectPropertyBase.get()Ljava/lang/Object; @ 23
Event: 31.047 Thread 0x0000000013c58800 Uncommon trap: reason=class_check action=maybe_recompile pc=0x00000000028a94cc method=javafx.beans.property.ObjectPropertyBase.get()Ljava/lang/Object; @ 23

Internal exceptions (10 events):
Event: 17.192 Thread 0x0000000013c58800 Implicit null exception at 0x000000000241c254 to 0x000000000241c5a9
Event: 19.779 Thread 0x0000000013c58800 Exception <a 'java/lang/NullPointerException'> (0x00000000f2657468) thrown at [C:\workspace\8-2-build-windows-amd64-cygwin\jdk8u65\4987\hotspot\src\share\vm\interpreter\linkResolver.cpp, line 1178]
Event: 19.779 Thread 0x0000000013c58800 Exception <a 'java/lang/NullPointerException'> (0x00000000f2657468) thrown at [C:\workspace\8-2-build-windows-amd64-cygwin\jdk8u65\4987\hotspot\src\share\vm\prims\jvm.cpp, line 1390]
Event: 20.657 Thread 0x0000000013c58800 Exception <a 'java/lang/ArrayIndexOutOfBoundsException'> (0x00000000f2015bb8) thrown at [C:\workspace\8-2-build-windows-amd64-cygwin\jdk8u65\4987\hotspot\src\share\vm\runtime\sharedRuntime.cpp, line 605]
Event: 20.668 Thread 0x0000000013c58800 Exception <a 'java/lang/ArrayIndexOutOfBoundsException'> (0x00000000f20168b8) thrown at [C:\workspace\8-2-build-windows-amd64-cygwin\jdk8u65\4987\hotspot\src\share\vm\runtime\sharedRuntime.cpp, line 605]
Event: 20.668 Thread 0x0000000013c58800 Exception <a 'java/lang/ArrayIndexOutOfBoundsException'> (0x00000000f2017c60) thrown at [C:\workspace\8-2-build-windows-amd64-cygwin\jdk8u65\4987\hotspot\src\share\vm\runtime\sharedRuntime.cpp, line 605]
Event: 20.858 Thread 0x0000000013c58800 Exception <a 'java/lang/ArrayIndexOutOfBoundsException': 57> (0x00000000f2243b10) thrown at [C:\workspace\8-2-build-windows-amd64-cygwin\jdk8u65\4987\hotspot\src\share\vm\interpreter\interpreterRuntime.cpp, line 366]
Event: 20.858 Thread 0x0000000013c58800 Exception <a 'java/lang/ArrayIndexOutOfBoundsException': 57> (0x00000000f2244f88) thrown at [C:\workspace\8-2-build-windows-amd64-cygwin\jdk8u65\4987\hotspot\src\share\vm\interpreter\interpreterRuntime.cpp, line 366]
Event: 29.530 Thread 0x0000000013c58800 Implicit null exception at 0x000000000252dcb5 to 0x000000000252dec5
Event: 29.531 Thread 0x0000000013c58800 Implicit null exception at 0x0000000002517858 to 0x00000000025178e6

Events (10 events):
Event: 31.418 loading class javafx/beans/binding/Bindings$95
Event: 31.418 loading class javafx/beans/binding/Bindings$95 done
Event: 31.418 loading class javafx/beans/binding/Bindings$87
Event: 31.418 loading class javafx/beans/binding/Bindings$87 done
Event: 31.418 loading class javafx/beans/binding/Bindings$36
Event: 31.418 loading class javafx/beans/binding/Bindings$36 done
Event: 31.419 loading class javafx/beans/binding/Bindings$37
Event: 31.419 loading class javafx/beans/binding/Bindings$37 done
Event: 31.419 loading class javafx/beans/binding/Bindings$38
Event: 31.419 loading class javafx/beans/binding/Bindings$38 done


Dynamic libraries:
0x00007ff662e50000 - 0x00007ff662e87000 	C:\Program Files\Java\jdk1.8.0_65\jre\bin\java.exe
0x00007fff4d700000 - 0x00007fff4d8c2000 	C:\WINDOWS\SYSTEM32\ntdll.dll
0x00007fff4c120000 - 0x00007fff4c1cd000 	C:\WINDOWS\system32\KERNEL32.DLL
0x00007fff4a3e0000 - 0x00007fff4a5bd000 	C:\WINDOWS\system32\KERNELBASE.dll
0x00007fff4bee0000 - 0x00007fff4bf86000 	C:\WINDOWS\system32\ADVAPI32.dll
0x00007fff4ade0000 - 0x00007fff4ae7d000 	C:\WINDOWS\system32\msvcrt.dll
0x00007fff4ae80000 - 0x00007fff4aedb000 	C:\WINDOWS\system32\sechost.dll
0x00007fff4af40000 - 0x00007fff4b066000 	C:\WINDOWS\system32\RPCRT4.dll
0x00007fff4bc20000 - 0x00007fff4bd6e000 	C:\WINDOWS\system32\USER32.dll
0x00007fff4bf90000 - 0x00007fff4c113000 	C:\WINDOWS\system32\GDI32.dll
0x00007fff43f40000 - 0x00007fff441b4000 	C:\WINDOWS\WinSxS\amd64_microsoft.windows.common-controls_6595b64144ccf1df_6.0.10240.17184_none_f41d7a705752bce6\COMCTL32.dll
0x00007fff4b080000 - 0x00007fff4b0b6000 	C:\WINDOWS\system32\IMM32.DLL
0x00007fff4b3a0000 - 0x00007fff4b4fc000 	C:\WINDOWS\system32\MSCTF.dll
0x0000000073240000 - 0x0000000073312000 	C:\Program Files\Java\jdk1.8.0_65\jre\bin\msvcr100.dll
0x0000000073320000 - 0x0000000073ba9000 	C:\Program Files\Java\jdk1.8.0_65\jre\bin\server\jvm.dll
0x00007fff4adc0000 - 0x00007fff4adc8000 	C:\WINDOWS\system32\PSAPI.DLL
0x00007fff41370000 - 0x00007fff41379000 	C:\WINDOWS\SYSTEM32\WSOCK32.dll
0x00007fff483e0000 - 0x00007fff48403000 	C:\WINDOWS\SYSTEM32\WINMM.dll
0x00007fff43880000 - 0x00007fff4388a000 	C:\WINDOWS\SYSTEM32\VERSION.dll
0x00007fff4bbb0000 - 0x00007fff4bc19000 	C:\WINDOWS\system32\WS2_32.dll
0x00007fff4add0000 - 0x00007fff4add8000 	C:\WINDOWS\system32\NSI.dll
0x00007fff483b0000 - 0x00007fff483dc000 	C:\WINDOWS\SYSTEM32\WINMMBASE.dll
0x00007fff4a390000 - 0x00007fff4a3d4000 	C:\WINDOWS\system32\cfgmgr32.dll
0x00007fff49e80000 - 0x00007fff49ea7000 	C:\WINDOWS\SYSTEM32\DEVOBJ.dll
0x00000000731f0000 - 0x00000000731ff000 	C:\Program Files\Java\jdk1.8.0_65\jre\bin\verify.dll
0x00000000731c0000 - 0x00000000731e9000 	C:\Program Files\Java\jdk1.8.0_65\jre\bin\java.dll
0x00000000731a0000 - 0x00000000731b6000 	C:\Program Files\Java\jdk1.8.0_65\jre\bin\zip.dll
0x00007fff4c1d0000 - 0x00007fff4d6f3000 	C:\WINDOWS\system32\SHELL32.dll
0x00007fff4a620000 - 0x00007fff4ac49000 	C:\WINDOWS\system32\windows.storage.dll
0x00007fff4b6b0000 - 0x00007fff4b92c000 	C:\WINDOWS\system32\combase.dll
0x00007fff4b0c0000 - 0x00007fff4b111000 	C:\WINDOWS\system32\shlwapi.dll
0x00007fff4a1b0000 - 0x00007fff4a1bf000 	C:\WINDOWS\system32\kernel.appcore.dll
0x00007fff4ac50000 - 0x00007fff4ad03000 	C:\WINDOWS\system32\shcore.dll
0x00007fff4a140000 - 0x00007fff4a18a000 	C:\WINDOWS\system32\powrprof.dll
0x00007fff4a120000 - 0x00007fff4a133000 	C:\WINDOWS\system32\profapi.dll
0x00007fff23450000 - 0x00007fff2353f000 	C:\Program Files\Java\jdk1.8.0_65\jre\bin\msvcr120.dll
0x00007fff1df80000 - 0x00007fff1e026000 	C:\Program Files\Java\jdk1.8.0_65\jre\bin\msvcp120.dll
0x0000000071ff0000 - 0x0000000072013000 	C:\Program Files\Java\jdk1.8.0_65\jre\bin\prism_d3d.dll
0x00007fff158b0000 - 0x00007fff15ac0000 	C:\WINDOWS\system32\d3d9.dll
0x00007fff47040000 - 0x00007fff47062000 	C:\WINDOWS\SYSTEM32\dwmapi.dll
0x00007fff486f0000 - 0x00007fff48786000 	C:\WINDOWS\system32\uxtheme.dll
0x00007fff14e40000 - 0x00007fff158ae000 	C:\WINDOWS\SYSTEM32\igdumdim64.dll
0x00007fff45c90000 - 0x00007fff460f4000 	C:\WINDOWS\SYSTEM32\igdusc64.dll
0x0000000071fa0000 - 0x0000000071fe3000 	C:\Program Files\Java\jdk1.8.0_65\jre\bin\glass.dll
0x00007fff4be00000 - 0x00007fff4bed7000 	C:\WINDOWS\system32\COMDLG32.dll
0x00007fff4b120000 - 0x00007fff4b261000 	C:\WINDOWS\system32\ole32.dll
0x00007fff4b2d0000 - 0x00007fff4b392000 	C:\WINDOWS\system32\OLEAUT32.dll
0x00007fff49ee0000 - 0x00007fff49f4b000 	C:\WINDOWS\SYSTEM32\bcryptPrimitives.dll
0x0000000073180000 - 0x000000007319a000 	C:\Program Files\Java\jdk1.8.0_65\jre\bin\net.dll
0x00007fff49640000 - 0x00007fff4969d000 	C:\WINDOWS\system32\mswsock.dll
0x00007fff49400000 - 0x00007fff494a8000 	C:\WINDOWS\SYSTEM32\DNSAPI.dll
0x00007fff38d20000 - 0x00007fff38d2a000 	C:\Windows\System32\rasadhlp.dll
0x00007fff447b0000 - 0x00007fff44818000 	C:\WINDOWS\System32\fwpuclnt.dll
0x00007fff4a050000 - 0x00007fff4a078000 	C:\WINDOWS\SYSTEM32\bcrypt.dll
0x0000000073fa0000 - 0x0000000073fb4000 	C:\Program Files\Java\jdk1.8.0_65\jre\bin\javafx_font.dll
0x00007fff40720000 - 0x00007fff40977000 	C:\WINDOWS\SYSTEM32\dwrite.dll
0x00007fff496a0000 - 0x00007fff496b7000 	C:\WINDOWS\SYSTEM32\CRYPTSP.dll
0x00007fff49290000 - 0x00007fff492c3000 	C:\WINDOWS\system32\rsaenh.dll
0x00007fff493e0000 - 0x00007fff493ff000 	C:\WINDOWS\SYSTEM32\USERENV.dll
0x00007fff49810000 - 0x00007fff4981b000 	C:\WINDOWS\SYSTEM32\CRYPTBASE.dll
0x00007fff473b0000 - 0x00007fff473e8000 	C:\WINDOWS\SYSTEM32\IPHLPAPI.DLL
0x00007fff47240000 - 0x00007fff4724b000 	C:\WINDOWS\SYSTEM32\WINNSI.DLL
0x00007fff44780000 - 0x00007fff44796000 	C:\WINDOWS\SYSTEM32\dhcpcsvc6.DLL
0x00007fff44760000 - 0x00007fff4477a000 	C:\WINDOWS\SYSTEM32\dhcpcsvc.DLL
0x0000000073160000 - 0x0000000073171000 	C:\Program Files\Java\jdk1.8.0_65\jre\bin\nio.dll
0x00007fff4bb00000 - 0x00007fff4bba5000 	C:\WINDOWS\system32\clbcatq.dll
0x00007fff45a00000 - 0x00007fff45bb2000 	C:\WINDOWS\SYSTEM32\WindowsCodecs.dll
0x00007fff20760000 - 0x00007fff207a6000 	C:\WINDOWS\system32\dataexchange.dll
0x00007fff46d90000 - 0x00007fff47033000 	C:\WINDOWS\system32\d3d11.dll
0x00007fff417d0000 - 0x00007fff41d15000 	C:\WINDOWS\system32\d2d1.dll
0x00007fff47f60000 - 0x00007fff48031000 	C:\WINDOWS\system32\dcomp.dll
0x00007fff46cb0000 - 0x00007fff46d4c000 	C:\WINDOWS\system32\dxgi.dll
0x00007fff487b0000 - 0x00007fff4889e000 	C:\WINDOWS\system32\twinapi.appcore.dll
0x00007fff183e0000 - 0x00007fff18414000 	C:\Program Files\Common Files\Microsoft Shared\Ink\rtscom.dll

VM Arguments:
jvm_args: -Dfile.encoding=UTF-8 
java_command: E:\BCS\Project Pharmacy Management System\PMSystem\dist\run457710997\PMSystem.jar
java_class_path (initial): E:\BCS\Project Pharmacy Management System\PMSystem\dist\run457710997\PMSystem.jar
Launcher Type: SUN_STANDARD

Environment Variables:
PATH=C:\sqlite;C:\Users\Rasookhan\AppData\Roaming\npm;C:\Users\Rasookhan\AppData\Local\Programs\Microsoft VS Code\bin
USERNAME=Rasookhan
OS=Windows_NT
PROCESSOR_IDENTIFIER=Intel64 Family 6 Model 58 Stepping 9, GenuineIntel



---------------  S Y S T E M  ---------------

OS: Windows 10.0 , 64 bit Build 10240 (10.0.10240.17113)

CPU:total 4 (2 cores per cpu, 2 threads per core) family 6 model 58 stepping 9, cmov, cx8, fxsr, mmx, sse, sse2, sse3, ssse3, sse4.1, sse4.2, popcnt, avx, clmul, erms, ht, tsc, tscinvbit, tscinv

Memory: 4k page, physical 2766184k(124776k free), swap 5434820k(4408k free)

vm_info: Java HotSpot(TM) 64-Bit Server VM (25.65-b01) for windows-amd64 JRE (1.8.0_65-b17), built on Oct  6 2015 16:39:20 by "java_re" with MS VC++ 10.0 (VS2010)

time: Sun Nov 27 23:47:36 2022
elapsed time: 31 seconds (0d 0h 0m 31s)

